2019/03/07 08:25:33 [error] [exception.CHttpException.404] CHttpException: Unable to resolve the request "posted/posted". in C:\NewFolder\yii\framework\web\CWebApplication.php:286
Stack trace:
#0 C:\NewFolder\yii\framework\web\CWebApplication.php(141): CWebApplication->runController('posted/posted')
#1 C:\NewFolder\yii\framework\base\CApplication.php(180): CWebApplication->processRequest()
#2 C:\xampp\htdocs\Input\index.php(13): CApplication->run()
#3 {main}
REQUEST_URI=/Input/index.php/posted/posted?view=posted
HTTP_REFERER=http://localhost/Input/
---
2019/03/07 08:25:36 [error] [exception.CHttpException.404] CHttpException: Unable to resolve the request "posted/posted". in C:\NewFolder\yii\framework\web\CWebApplication.php:286
Stack trace:
#0 C:\NewFolder\yii\framework\web\CWebApplication.php(141): CWebApplication->runController('posted/posted')
#1 C:\NewFolder\yii\framework\base\CApplication.php(180): CWebApplication->processRequest()
#2 C:\xampp\htdocs\Input\index.php(13): CApplication->run()
#3 {main}
REQUEST_URI=/Input/index.php/posted/posted?view=posted
HTTP_REFERER=http://localhost/Input/index.php/site/page?view=about
---
2019/03/07 08:25:46 [error] [exception.CException] CException: PostedController cannot find the requested view "post". in C:\NewFolder\yii\framework\web\CController.php:878
Stack trace:
#0 C:\NewFolder\yii\framework\web\CController.php(782): CController->renderPartial('post', Array, true)
#1 C:\xampp\htdocs\Input\protected\controllers\PostedController.php(9): CController->render('post', Array)
#2 C:\NewFolder\yii\framework\web\actions\CInlineAction.php(49): PostedController->actionPosted()
#3 C:\NewFolder\yii\framework\web\CController.php(308): CInlineAction->runWithParams(Array)
#4 C:\NewFolder\yii\framework\web\CController.php(286): CController->runAction(Object(CInlineAction))
#5 C:\NewFolder\yii\framework\web\CController.php(265): CController->runActionWithFilters(Object(CInlineAction), Array)
#6 C:\NewFolder\yii\framework\web\CWebApplication.php(282): CController->run('posted')
#7 C:\NewFolder\yii\framework\web\CWebApplication.php(141): CWebApplication->runController('posted/posted')
#8 C:\NewFolder\yii\framework\base\CApplication.php(180): CWebApplication->processRequest()
#9 C:\xampp\htdocs\Input\index.php(13): CApplication->run()
#10 {main}
REQUEST_URI=/Input/index.php/posted/posted?view=posted
HTTP_REFERER=http://localhost/Input/index.php/site/page?view=about
---
2019/03/07 08:27:45 [error] [exception.CException] CException: Property "PostedForm.imageupl" is not defined. in C:\NewFolder\yii\framework\base\CComponent.php:173
Stack trace:
#0 C:\NewFolder\yii\framework\db\ar\CActiveRecord.php(161): CComponent->__set('imageupl', '')
#1 C:\NewFolder\yii\framework\base\CModel.php(472): CActiveRecord->__set('imageupl', '')
#2 C:\NewFolder\yii\framework\base\CComponent.php(152): CModel->setAttributes(Array)
#3 C:\NewFolder\yii\framework\db\ar\CActiveRecord.php(161): CComponent->__set('attributes', Array)
#4 C:\xampp\htdocs\Input\protected\controllers\PostedController.php(15): CActiveRecord->__set('attributes', Array)
#5 C:\NewFolder\yii\framework\web\actions\CInlineAction.php(49): PostedController->actionPosted()
#6 C:\NewFolder\yii\framework\web\CController.php(308): CInlineAction->runWithParams(Array)
#7 C:\NewFolder\yii\framework\web\CController.php(286): CController->runAction(Object(CInlineAction))
#8 C:\NewFolder\yii\framework\web\CController.php(265): CController->runActionWithFilters(Object(CInlineAction), Array)
#9 C:\NewFolder\yii\framework\web\CWebApplication.php(282): CController->run('posted')
#10 C:\NewFolder\yii\framework\web\CWebApplication.php(141): CWebApplication->runController('posted/posted')
#11 C:\NewFolder\yii\framework\base\CApplication.php(180): CWebApplication->processRequest()
#12 C:\xampp\htdocs\Input\index.php(13): CApplication->run()
#13 {main}
REQUEST_URI=/Input/index.php/posted/posted?view=posted
HTTP_REFERER=http://localhost/Input/index.php/posted/posted?view=posted
---
2019/03/07 08:29:11 [warning] [application] Failed to set unsafe attribute "image" of "PostedForm".
in C:\xampp\htdocs\Input\protected\controllers\PostedController.php (15)
in C:\xampp\htdocs\Input\index.php (13)
2019/03/07 08:29:11 [error] [exception.CException] CException: Property "PostedForm.imageupl" is not defined. in C:\NewFolder\yii\framework\base\CComponent.php:173
Stack trace:
#0 C:\NewFolder\yii\framework\db\ar\CActiveRecord.php(161): CComponent->__set('imageupl', Object(CUploadedFile))
#1 C:\xampp\htdocs\Input\protected\controllers\PostedController.php(16): CActiveRecord->__set('imageupl', Object(CUploadedFile))
#2 C:\NewFolder\yii\framework\web\actions\CInlineAction.php(49): PostedController->actionPosted()
#3 C:\NewFolder\yii\framework\web\CController.php(308): CInlineAction->runWithParams(Array)
#4 C:\NewFolder\yii\framework\web\CController.php(286): CController->runAction(Object(CInlineAction))
#5 C:\NewFolder\yii\framework\web\CController.php(265): CController->runActionWithFilters(Object(CInlineAction), Array)
#6 C:\NewFolder\yii\framework\web\CWebApplication.php(282): CController->run('posted')
#7 C:\NewFolder\yii\framework\web\CWebApplication.php(141): CWebApplication->runController('posted/posted')
#8 C:\NewFolder\yii\framework\base\CApplication.php(180): CWebApplication->processRequest()
#9 C:\xampp\htdocs\Input\index.php(13): CApplication->run()
#10 {main}
REQUEST_URI=/Input/index.php/posted/posted?view=posted
HTTP_REFERER=http://localhost/Input/index.php/posted/posted?view=posted
---
2019/03/07 08:29:38 [warning] [application] Failed to set unsafe attribute "image" of "PostedForm".
in C:\xampp\htdocs\Input\protected\controllers\PostedController.php (15)
in C:\xampp\htdocs\Input\index.php (13)
2019/03/07 08:29:38 [error] [exception.CException] CException: Property "PostedForm.imageupl" is not defined. in C:\NewFolder\yii\framework\base\CComponent.php:130
Stack trace:
#0 C:\NewFolder\yii\framework\db\ar\CActiveRecord.php(145): CComponent->__get('imageupl')
#1 C:\NewFolder\yii\framework\validators\CRequiredValidator.php(58): CActiveRecord->__get('imageupl')
#2 C:\NewFolder\yii\framework\validators\CValidator.php(213): CRequiredValidator->validateAttribute(Object(PostedForm), 'imageupl')
#3 C:\NewFolder\yii\framework\base\CModel.php(159): CValidator->validate(Object(PostedForm), Array)
#4 C:\xampp\htdocs\Input\protected\controllers\PostedController.php(17): CModel->validate()
#5 C:\NewFolder\yii\framework\web\actions\CInlineAction.php(49): PostedController->actionPosted()
#6 C:\NewFolder\yii\framework\web\CController.php(308): CInlineAction->runWithParams(Array)
#7 C:\NewFolder\yii\framework\web\CController.php(286): CController->runAction(Object(CInlineAction))
#8 C:\NewFolder\yii\framework\web\CController.php(265): CController->runActionWithFilters(Object(CInlineAction), Array)
#9 C:\NewFolder\yii\framework\web\CWebApplication.php(282): CController->run('posted')
#10 C:\NewFolder\yii\framework\web\CWebApplication.php(141): CWebApplication->runController('posted/posted')
#11 C:\NewFolder\yii\framework\base\CApplication.php(180): CWebApplication->processRequest()
#12 C:\xampp\htdocs\Input\index.php(13): CApplication->run()
#13 {main}
REQUEST_URI=/Input/index.php/posted/posted?view=posted
HTTP_REFERER=http://localhost/Input/index.php/posted/posted?view=posted
---
2019/03/07 08:30:22 [error] [php] Undefined index: image (C:\xampp\htdocs\Input\protected\controllers\PostedController.php:20)
Stack trace:
#0 C:\NewFolder\yii\framework\web\CController.php(286): PostedController->runAction()
#1 C:\NewFolder\yii\framework\web\CController.php(265): PostedController->runActionWithFilters()
#2 C:\NewFolder\yii\framework\web\CWebApplication.php(282): PostedController->run()
#3 C:\NewFolder\yii\framework\web\CWebApplication.php(141): CWebApplication->runController()
#4 C:\NewFolder\yii\framework\base\CApplication.php(180): CWebApplication->processRequest()
#5 C:\xampp\htdocs\Input\index.php(13): CWebApplication->run()
REQUEST_URI=/Input/index.php/posted/posted?view=posted
in C:\xampp\htdocs\Input\protected\controllers\PostedController.php (20)
in C:\xampp\htdocs\Input\index.php (13)
2019/03/07 08:34:52 [error] [php] Undefined variable: tmp (C:\xampp\htdocs\Input\protected\controllers\PostedController.php:31)
Stack trace:
#0 C:\NewFolder\yii\framework\web\CController.php(286): PostedController->runAction()
#1 C:\NewFolder\yii\framework\web\CController.php(265): PostedController->runActionWithFilters()
#2 C:\NewFolder\yii\framework\web\CWebApplication.php(282): PostedController->run()
#3 C:\NewFolder\yii\framework\web\CWebApplication.php(141): CWebApplication->runController()
#4 C:\NewFolder\yii\framework\base\CApplication.php(180): CWebApplication->processRequest()
#5 C:\xampp\htdocs\Input\index.php(13): CWebApplication->run()
REQUEST_URI=/Input/index.php/posted/posted?view=posted
in C:\xampp\htdocs\Input\protected\controllers\PostedController.php (31)
in C:\xampp\htdocs\Input\index.php (13)
2019/03/07 08:39:07 [error] [php] Undefined variable: tmp (C:\xampp\htdocs\Input\protected\controllers\PostedController.php:33)
Stack trace:
#0 C:\NewFolder\yii\framework\web\CController.php(286): PostedController->runAction()
#1 C:\NewFolder\yii\framework\web\CController.php(265): PostedController->runActionWithFilters()
#2 C:\NewFolder\yii\framework\web\CWebApplication.php(282): PostedController->run()
#3 C:\NewFolder\yii\framework\web\CWebApplication.php(141): CWebApplication->runController()
#4 C:\NewFolder\yii\framework\base\CApplication.php(180): CWebApplication->processRequest()
#5 C:\xampp\htdocs\Input\index.php(13): CWebApplication->run()
REQUEST_URI=/Input/index.php/posted/posted?view=posted
in C:\xampp\htdocs\Input\protected\controllers\PostedController.php (33)
in C:\xampp\htdocs\Input\index.php (13)
2019/03/07 08:39:22 [error] [php] Undefined index: image (C:\xampp\htdocs\Input\protected\controllers\PostedController.php:32)
Stack trace:
#0 C:\NewFolder\yii\framework\web\CController.php(286): PostedController->runAction()
#1 C:\NewFolder\yii\framework\web\CController.php(265): PostedController->runActionWithFilters()
#2 C:\NewFolder\yii\framework\web\CWebApplication.php(282): PostedController->run()
#3 C:\NewFolder\yii\framework\web\CWebApplication.php(141): CWebApplication->runController()
#4 C:\NewFolder\yii\framework\base\CApplication.php(180): CWebApplication->processRequest()
#5 C:\xampp\htdocs\Input\index.php(13): CWebApplication->run()
REQUEST_URI=/Input/index.php/posted/posted?view=posted
in C:\xampp\htdocs\Input\protected\controllers\PostedController.php (32)
in C:\xampp\htdocs\Input\index.php (13)
2019/03/07 08:39:56 [error] [php] Undefined index: image (C:\xampp\htdocs\Input\protected\controllers\PostedController.php:32)
Stack trace:
#0 C:\NewFolder\yii\framework\web\CController.php(286): PostedController->runAction()
#1 C:\NewFolder\yii\framework\web\CController.php(265): PostedController->runActionWithFilters()
#2 C:\NewFolder\yii\framework\web\CWebApplication.php(282): PostedController->run()
#3 C:\NewFolder\yii\framework\web\CWebApplication.php(141): CWebApplication->runController()
#4 C:\NewFolder\yii\framework\base\CApplication.php(180): CWebApplication->processRequest()
#5 C:\xampp\htdocs\Input\index.php(13): CWebApplication->run()
REQUEST_URI=/Input/index.php/posted/posted?view=posted
in C:\xampp\htdocs\Input\protected\controllers\PostedController.php (32)
in C:\xampp\htdocs\Input\index.php (13)
2019/03/07 08:41:11 [error] [php] Undefined index: image (C:\xampp\htdocs\Input\protected\controllers\PostedController.php:33)
Stack trace:
#0 C:\NewFolder\yii\framework\web\CController.php(286): PostedController->runAction()
#1 C:\NewFolder\yii\framework\web\CController.php(265): PostedController->runActionWithFilters()
#2 C:\NewFolder\yii\framework\web\CWebApplication.php(282): PostedController->run()
#3 C:\NewFolder\yii\framework\web\CWebApplication.php(141): CWebApplication->runController()
#4 C:\NewFolder\yii\framework\base\CApplication.php(180): CWebApplication->processRequest()
#5 C:\xampp\htdocs\Input\index.php(13): CWebApplication->run()
REQUEST_URI=/Input/index.php/posted/posted?view=posted
in C:\xampp\htdocs\Input\protected\controllers\PostedController.php (33)
in C:\xampp\htdocs\Input\index.php (13)
2019/03/07 08:42:02 [error] [php] Undefined variable: tmp (C:\xampp\htdocs\Input\protected\controllers\PostedController.php:35)
Stack trace:
#0 C:\NewFolder\yii\framework\web\CController.php(286): PostedController->runAction()
#1 C:\NewFolder\yii\framework\web\CController.php(265): PostedController->runActionWithFilters()
#2 C:\NewFolder\yii\framework\web\CWebApplication.php(282): PostedController->run()
#3 C:\NewFolder\yii\framework\web\CWebApplication.php(141): CWebApplication->runController()
#4 C:\NewFolder\yii\framework\base\CApplication.php(180): CWebApplication->processRequest()
#5 C:\xampp\htdocs\Input\index.php(13): CWebApplication->run()
REQUEST_URI=/Input/index.php/posted/posted?view=posted
in C:\xampp\htdocs\Input\protected\controllers\PostedController.php (35)
in C:\xampp\htdocs\Input\index.php (13)
2019/03/07 08:49:29 [error] [php] Undefined variable: model (C:\xampp\htdocs\Input\protected\views\posted\posted.php:13)
Stack trace:
#0 C:\NewFolder\yii\framework\web\CController.php(869): PostedController->renderFile()
#1 C:\NewFolder\yii\framework\web\CController.php(782): PostedController->renderPartial()
#2 C:\xampp\htdocs\Input\protected\controllers\PostedController.php(9): PostedController->render()
#3 C:\NewFolder\yii\framework\web\actions\CInlineAction.php(49): PostedController->actionPosted()
#4 C:\NewFolder\yii\framework\web\CController.php(308): CInlineAction->runWithParams()
#5 C:\NewFolder\yii\framework\web\CController.php(286): PostedController->runAction()
#6 C:\NewFolder\yii\framework\web\CController.php(265): PostedController->runActionWithFilters()
#7 C:\NewFolder\yii\framework\web\CWebApplication.php(282): PostedController->run()
#8 C:\NewFolder\yii\framework\web\CWebApplication.php(141): CWebApplication->runController()
#9 C:\NewFolder\yii\framework\base\CApplication.php(180): CWebApplication->processRequest()
#10 C:\xampp\htdocs\Input\index.php(13): CWebApplication->run()
REQUEST_URI=/Input/index.php/posted/posted?view=posted
in C:\xampp\htdocs\Input\protected\views\posted\posted.php (13)
in C:\xampp\htdocs\Input\protected\controllers\PostedController.php (9)
in C:\xampp\htdocs\Input\index.php (13)
2019/03/07 08:52:26 [error] [php] Undefined index: image (C:\xampp\htdocs\Input\protected\controllers\PostedController.php:43)
Stack trace:
#0 C:\NewFolder\yii\framework\web\CController.php(286): PostedController->runAction()
#1 C:\NewFolder\yii\framework\web\CController.php(265): PostedController->runActionWithFilters()
#2 C:\NewFolder\yii\framework\web\CWebApplication.php(282): PostedController->run()
#3 C:\NewFolder\yii\framework\web\CWebApplication.php(141): CWebApplication->runController()
#4 C:\NewFolder\yii\framework\base\CApplication.php(180): CWebApplication->processRequest()
#5 C:\xampp\htdocs\Input\index.php(13): CWebApplication->run()
REQUEST_URI=/Input/index.php/posted/posted?view=posted
in C:\xampp\htdocs\Input\protected\controllers\PostedController.php (43)
in C:\xampp\htdocs\Input\index.php (13)
2019/03/07 09:02:30 [error] [exception.ParseError] ParseError: syntax error, unexpected end of file, expecting function (T_FUNCTION) or const (T_CONST) in C:\xampp\htdocs\Input\protected\controllers\ImagController.php:50
Stack trace:
#0 C:\NewFolder\yii\framework\web\CWebApplication.php(276): CWebApplication->createController('posted/')
#1 C:\NewFolder\yii\framework\web\CWebApplication.php(141): CWebApplication->runController('imag/posted')
#2 C:\NewFolder\yii\framework\base\CApplication.php(180): CWebApplication->processRequest()
#3 C:\xampp\htdocs\Input\index.php(13): CApplication->run()
#4 {main}
REQUEST_URI=/Input/index.php/imag/posted?view=posted
---
2019/03/07 09:02:35 [error] [exception.ParseError] ParseError: syntax error, unexpected end of file, expecting function (T_FUNCTION) or const (T_CONST) in C:\xampp\htdocs\Input\protected\controllers\ImagController.php:50
Stack trace:
#0 C:\NewFolder\yii\framework\web\CWebApplication.php(276): CWebApplication->createController('posted/')
#1 C:\NewFolder\yii\framework\web\CWebApplication.php(141): CWebApplication->runController('imag/posted')
#2 C:\NewFolder\yii\framework\base\CApplication.php(180): CWebApplication->processRequest()
#3 C:\xampp\htdocs\Input\index.php(13): CApplication->run()
#4 {main}
REQUEST_URI=/Input/index.php/imag/posted
---
2019/03/07 09:04:53 [error] [exception.ParseError] ParseError: syntax error, unexpected end of file, expecting function (T_FUNCTION) or const (T_CONST) in C:\xampp\htdocs\Input\protected\controllers\ImagController.php:50
Stack trace:
#0 C:\NewFolder\yii\framework\web\CWebApplication.php(276): CWebApplication->createController('posted/')
#1 C:\NewFolder\yii\framework\web\CWebApplication.php(141): CWebApplication->runController('imag/posted')
#2 C:\NewFolder\yii\framework\base\CApplication.php(180): CWebApplication->processRequest()
#3 C:\xampp\htdocs\Input\index.php(13): CApplication->run()
#4 {main}
REQUEST_URI=/Input/index.php/imag/posted
---
2019/03/07 09:05:19 [error] [exception.ParseError] ParseError: syntax error, unexpected '}', expecting end of file in C:\xampp\htdocs\Input\protected\controllers\PostedController.php:43
Stack trace:
#0 C:\NewFolder\yii\framework\web\CWebApplication.php(276): CWebApplication->createController('posted/')
#1 C:\NewFolder\yii\framework\web\CWebApplication.php(141): CWebApplication->runController('posted/posted')
#2 C:\NewFolder\yii\framework\base\CApplication.php(180): CWebApplication->processRequest()
#3 C:\xampp\htdocs\Input\index.php(13): CApplication->run()
#4 {main}
REQUEST_URI=/Input/index.php/posted/posted?view=posted
HTTP_REFERER=http://localhost/Input/index.php/site/page?view=about
---
2019/03/07 09:06:17 [error] [exception.ParseError] ParseError: syntax error, unexpected '*', expecting function (T_FUNCTION) or const (T_CONST) in C:\xampp\htdocs\Input\protected\controllers\PostedController.php:44
Stack trace:
#0 C:\NewFolder\yii\framework\web\CWebApplication.php(276): CWebApplication->createController('posted/')
#1 C:\NewFolder\yii\framework\web\CWebApplication.php(141): CWebApplication->runController('posted/posted')
#2 C:\NewFolder\yii\framework\base\CApplication.php(180): CWebApplication->processRequest()
#3 C:\xampp\htdocs\Input\index.php(13): CApplication->run()
#4 {main}
REQUEST_URI=/Input/index.php/posted/posted?view=posted
HTTP_REFERER=http://localhost/Input/index.php/site/page?view=about
---
2019/03/07 09:13:04 [error] [exception.CException] CException: PostedController cannot find the requested view "post". in C:\NewFolder\yii\framework\web\CController.php:878
Stack trace:
#0 C:\NewFolder\yii\framework\web\CController.php(782): CController->renderPartial('post', Array, true)
#1 C:\xampp\htdocs\Input\protected\controllers\PostedController.php(9): CController->render('post', Array)
#2 C:\NewFolder\yii\framework\web\actions\CInlineAction.php(49): PostedController->actionPosted()
#3 C:\NewFolder\yii\framework\web\CController.php(308): CInlineAction->runWithParams(Array)
#4 C:\NewFolder\yii\framework\web\CController.php(286): CController->runAction(Object(CInlineAction))
#5 C:\NewFolder\yii\framework\web\CController.php(265): CController->runActionWithFilters(Object(CInlineAction), Array)
#6 C:\NewFolder\yii\framework\web\CWebApplication.php(282): CController->run('posted')
#7 C:\NewFolder\yii\framework\web\CWebApplication.php(141): CWebApplication->runController('posted/posted')
#8 C:\NewFolder\yii\framework\base\CApplication.php(180): CWebApplication->processRequest()
#9 C:\xampp\htdocs\Input\index.php(13): CApplication->run()
#10 {main}
REQUEST_URI=/Input/index.php/posted/posted?view=posted
HTTP_REFERER=http://localhost/Input/index.php/site/page?view=about
---
2019/03/07 09:13:06 [error] [exception.CException] CException: PostedController cannot find the requested view "post". in C:\NewFolder\yii\framework\web\CController.php:878
Stack trace:
#0 C:\NewFolder\yii\framework\web\CController.php(782): CController->renderPartial('post', Array, true)
#1 C:\xampp\htdocs\Input\protected\controllers\PostedController.php(9): CController->render('post', Array)
#2 C:\NewFolder\yii\framework\web\actions\CInlineAction.php(49): PostedController->actionPosted()
#3 C:\NewFolder\yii\framework\web\CController.php(308): CInlineAction->runWithParams(Array)
#4 C:\NewFolder\yii\framework\web\CController.php(286): CController->runAction(Object(CInlineAction))
#5 C:\NewFolder\yii\framework\web\CController.php(265): CController->runActionWithFilters(Object(CInlineAction), Array)
#6 C:\NewFolder\yii\framework\web\CWebApplication.php(282): CController->run('posted')
#7 C:\NewFolder\yii\framework\web\CWebApplication.php(141): CWebApplication->runController('posted/posted')
#8 C:\NewFolder\yii\framework\base\CApplication.php(180): CWebApplication->processRequest()
#9 C:\xampp\htdocs\Input\index.php(13): CApplication->run()
#10 {main}
REQUEST_URI=/Input/index.php/posted/posted?view=posted
HTTP_REFERER=http://localhost/Input/index.php/site/page?view=about
---
2019/03/07 09:13:06 [error] [exception.CException] CException: PostedController cannot find the requested view "post". in C:\NewFolder\yii\framework\web\CController.php:878
Stack trace:
#0 C:\NewFolder\yii\framework\web\CController.php(782): CController->renderPartial('post', Array, true)
#1 C:\xampp\htdocs\Input\protected\controllers\PostedController.php(9): CController->render('post', Array)
#2 C:\NewFolder\yii\framework\web\actions\CInlineAction.php(49): PostedController->actionPosted()
#3 C:\NewFolder\yii\framework\web\CController.php(308): CInlineAction->runWithParams(Array)
#4 C:\NewFolder\yii\framework\web\CController.php(286): CController->runAction(Object(CInlineAction))
#5 C:\NewFolder\yii\framework\web\CController.php(265): CController->runActionWithFilters(Object(CInlineAction), Array)
#6 C:\NewFolder\yii\framework\web\CWebApplication.php(282): CController->run('posted')
#7 C:\NewFolder\yii\framework\web\CWebApplication.php(141): CWebApplication->runController('posted/posted')
#8 C:\NewFolder\yii\framework\base\CApplication.php(180): CWebApplication->processRequest()
#9 C:\xampp\htdocs\Input\index.php(13): CApplication->run()
#10 {main}
REQUEST_URI=/Input/index.php/posted/posted?view=posted
HTTP_REFERER=http://localhost/Input/index.php/site/page?view=about
---
2019/03/07 09:19:26 [warning] [application] Failed to set unsafe attribute "image" of "PostedForm".
in C:\xampp\htdocs\Input\protected\controllers\PostedController.php (17)
in C:\xampp\htdocs\Input\index.php (13)
2019/03/07 09:20:48 [error] [exception.CException] CException: Property "PostedForm.image" is not defined. in C:\NewFolder\yii\framework\base\CComponent.php:173
Stack trace:
#0 C:\NewFolder\yii\framework\db\ar\CActiveRecord.php(161): CComponent->__set('image', '')
#1 C:\xampp\htdocs\Input\protected\controllers\PostedController.php(38): CActiveRecord->__set('image', '')
#2 C:\NewFolder\yii\framework\web\actions\CInlineAction.php(49): PostedController->actionPosted()
#3 C:\NewFolder\yii\framework\web\CController.php(308): CInlineAction->runWithParams(Array)
#4 C:\NewFolder\yii\framework\web\CController.php(286): CController->runAction(Object(CInlineAction))
#5 C:\NewFolder\yii\framework\web\CController.php(265): CController->runActionWithFilters(Object(CInlineAction), Array)
#6 C:\NewFolder\yii\framework\web\CWebApplication.php(282): CController->run('posted')
#7 C:\NewFolder\yii\framework\web\CWebApplication.php(141): CWebApplication->runController('posted/posted')
#8 C:\NewFolder\yii\framework\base\CApplication.php(180): CWebApplication->processRequest()
#9 C:\xampp\htdocs\Input\index.php(13): CApplication->run()
#10 {main}
REQUEST_URI=/Input/index.php/posted/posted?view=posted
HTTP_REFERER=http://localhost/Input/index.php/posted/posted?view=posted
---
2019/03/07 09:21:14 [error] [exception.CException] CException: Property "PostedForm.image" is not defined. in C:\NewFolder\yii\framework\base\CComponent.php:173
Stack trace:
#0 C:\NewFolder\yii\framework\db\ar\CActiveRecord.php(161): CComponent->__set('image', '')
#1 C:\xampp\htdocs\Input\protected\controllers\PostedController.php(38): CActiveRecord->__set('image', '')
#2 C:\NewFolder\yii\framework\web\actions\CInlineAction.php(49): PostedController->actionPosted()
#3 C:\NewFolder\yii\framework\web\CController.php(308): CInlineAction->runWithParams(Array)
#4 C:\NewFolder\yii\framework\web\CController.php(286): CController->runAction(Object(CInlineAction))
#5 C:\NewFolder\yii\framework\web\CController.php(265): CController->runActionWithFilters(Object(CInlineAction), Array)
#6 C:\NewFolder\yii\framework\web\CWebApplication.php(282): CController->run('posted')
#7 C:\NewFolder\yii\framework\web\CWebApplication.php(141): CWebApplication->runController('posted/posted')
#8 C:\NewFolder\yii\framework\base\CApplication.php(180): CWebApplication->processRequest()
#9 C:\xampp\htdocs\Input\index.php(13): CApplication->run()
#10 {main}
REQUEST_URI=/Input/index.php/posted/posted?view=posted
HTTP_REFERER=http://localhost/Input/index.php/posted/posted?view=posted
---
2019/03/07 09:44:32 [error] [php] Undefined index: Submit (C:\xampp\htdocs\Input\protected\controllers\PostedController.php:39)
Stack trace:
#0 C:\NewFolder\yii\framework\web\CController.php(286): PostedController->runAction()
#1 C:\NewFolder\yii\framework\web\CController.php(265): PostedController->runActionWithFilters()
#2 C:\NewFolder\yii\framework\web\CWebApplication.php(282): PostedController->run()
#3 C:\NewFolder\yii\framework\web\CWebApplication.php(141): CWebApplication->runController()
#4 C:\NewFolder\yii\framework\base\CApplication.php(180): CWebApplication->processRequest()
#5 C:\xampp\htdocs\Input\index.php(13): CWebApplication->run()
REQUEST_URI=/Input/index.php/posted/posted?view=posted
in C:\xampp\htdocs\Input\protected\controllers\PostedController.php (39)
in C:\xampp\htdocs\Input\index.php (13)
2019/03/07 10:39:38 [error] [php] Undefined variable: model (C:\xampp\htdocs\Input\protected\views\site\registration.php:5)
Stack trace:
#0 C:\NewFolder\yii\framework\web\CController.php(869): SiteController->renderFile()
#1 C:\NewFolder\yii\framework\web\CController.php(782): SiteController->renderPartial()
#2 C:\xampp\htdocs\Input\protected\controllers\SiteController.php(110): SiteController->render()
#3 C:\NewFolder\yii\framework\web\actions\CInlineAction.php(49): SiteController->actionRegistration()
#4 C:\NewFolder\yii\framework\web\CController.php(308): CInlineAction->runWithParams()
#5 C:\NewFolder\yii\framework\web\CController.php(286): SiteController->runAction()
#6 C:\NewFolder\yii\framework\web\CController.php(265): SiteController->runActionWithFilters()
#7 C:\NewFolder\yii\framework\web\CWebApplication.php(282): SiteController->run()
#8 C:\NewFolder\yii\framework\web\CWebApplication.php(141): CWebApplication->runController()
#9 C:\NewFolder\yii\framework\base\CApplication.php(180): CWebApplication->processRequest()
#10 C:\xampp\htdocs\Input\index.php(13): CWebApplication->run()
REQUEST_URI=/Input/index.php/site/registration
in C:\xampp\htdocs\Input\protected\views\site\registration.php (5)
in C:\xampp\htdocs\Input\protected\controllers\SiteController.php (110)
in C:\xampp\htdocs\Input\index.php (13)
2019/03/07 10:42:27 [error] [php] Undefined variable: model (C:\xampp\htdocs\Input\protected\views\site\registration.php:5)
Stack trace:
#0 C:\NewFolder\yii\framework\web\CController.php(869): SiteController->renderFile()
#1 C:\NewFolder\yii\framework\web\CController.php(782): SiteController->renderPartial()
#2 C:\xampp\htdocs\Input\protected\controllers\SiteController.php(110): SiteController->render()
#3 C:\NewFolder\yii\framework\web\actions\CInlineAction.php(49): SiteController->actionRegistration()
#4 C:\NewFolder\yii\framework\web\CController.php(308): CInlineAction->runWithParams()
#5 C:\NewFolder\yii\framework\web\CController.php(286): SiteController->runAction()
#6 C:\NewFolder\yii\framework\web\CController.php(265): SiteController->runActionWithFilters()
#7 C:\NewFolder\yii\framework\web\CWebApplication.php(282): SiteController->run()
#8 C:\NewFolder\yii\framework\web\CWebApplication.php(141): CWebApplication->runController()
#9 C:\NewFolder\yii\framework\base\CApplication.php(180): CWebApplication->processRequest()
#10 C:\xampp\htdocs\Input\index.php(13): CWebApplication->run()
REQUEST_URI=/Input/index.php/site/registration
in C:\xampp\htdocs\Input\protected\views\site\registration.php (5)
in C:\xampp\htdocs\Input\protected\controllers\SiteController.php (110)
in C:\xampp\htdocs\Input\index.php (13)
2019/03/07 10:55:15 [error] [php] Undefined variable: model (C:\xampp\htdocs\Input\protected\views\site\registration.php:5)
Stack trace:
#0 C:\NewFolder\yii\framework\web\CController.php(869): SiteController->renderFile()
#1 C:\NewFolder\yii\framework\web\CController.php(782): SiteController->renderPartial()
#2 C:\xampp\htdocs\Input\protected\controllers\SiteController.php(110): SiteController->render()
#3 C:\NewFolder\yii\framework\web\actions\CInlineAction.php(49): SiteController->actionRegistration()
#4 C:\NewFolder\yii\framework\web\CController.php(308): CInlineAction->runWithParams()
#5 C:\NewFolder\yii\framework\web\CController.php(286): SiteController->runAction()
#6 C:\NewFolder\yii\framework\web\CController.php(265): SiteController->runActionWithFilters()
#7 C:\NewFolder\yii\framework\web\CWebApplication.php(282): SiteController->run()
#8 C:\NewFolder\yii\framework\web\CWebApplication.php(141): CWebApplication->runController()
#9 C:\NewFolder\yii\framework\base\CApplication.php(180): CWebApplication->processRequest()
#10 C:\xampp\htdocs\Input\index.php(13): CWebApplication->run()
REQUEST_URI=/Input/index.php/site/registration
in C:\xampp\htdocs\Input\protected\views\site\registration.php (5)
in C:\xampp\htdocs\Input\protected\controllers\SiteController.php (110)
in C:\xampp\htdocs\Input\index.php (13)
2019/03/07 10:55:49 [error] [php] Undefined variable: model (C:\xampp\htdocs\Input\protected\views\site\registration.php:5)
Stack trace:
#0 C:\NewFolder\yii\framework\web\CController.php(869): SiteController->renderFile()
#1 C:\NewFolder\yii\framework\web\CController.php(782): SiteController->renderPartial()
#2 C:\xampp\htdocs\Input\protected\controllers\SiteController.php(110): SiteController->render()
#3 C:\NewFolder\yii\framework\web\actions\CInlineAction.php(49): SiteController->actionRegistration()
#4 C:\NewFolder\yii\framework\web\CController.php(308): CInlineAction->runWithParams()
#5 C:\NewFolder\yii\framework\web\CController.php(286): SiteController->runAction()
#6 C:\NewFolder\yii\framework\web\CController.php(265): SiteController->runActionWithFilters()
#7 C:\NewFolder\yii\framework\web\CWebApplication.php(282): SiteController->run()
#8 C:\NewFolder\yii\framework\web\CWebApplication.php(141): CWebApplication->runController()
#9 C:\NewFolder\yii\framework\base\CApplication.php(180): CWebApplication->processRequest()
#10 C:\xampp\htdocs\Input\index.php(13): CWebApplication->run()
REQUEST_URI=/Input/index.php/site/registration
in C:\xampp\htdocs\Input\protected\views\site\registration.php (5)
in C:\xampp\htdocs\Input\protected\controllers\SiteController.php (110)
in C:\xampp\htdocs\Input\index.php (13)
2019/03/07 10:57:01 [error] [php] Undefined variable: model (C:\xampp\htdocs\Input\protected\views\site\registration.php:5)
Stack trace:
#0 C:\NewFolder\yii\framework\web\CController.php(869): SiteController->renderFile()
#1 C:\NewFolder\yii\framework\web\CController.php(782): SiteController->renderPartial()
#2 C:\xampp\htdocs\Input\protected\controllers\SiteController.php(110): SiteController->render()
#3 C:\NewFolder\yii\framework\web\actions\CInlineAction.php(49): SiteController->actionRegistration()
#4 C:\NewFolder\yii\framework\web\CController.php(308): CInlineAction->runWithParams()
#5 C:\NewFolder\yii\framework\web\CController.php(286): SiteController->runAction()
#6 C:\NewFolder\yii\framework\web\CController.php(265): SiteController->runActionWithFilters()
#7 C:\NewFolder\yii\framework\web\CWebApplication.php(282): SiteController->run()
#8 C:\NewFolder\yii\framework\web\CWebApplication.php(141): CWebApplication->runController()
#9 C:\NewFolder\yii\framework\base\CApplication.php(180): CWebApplication->processRequest()
#10 C:\xampp\htdocs\Input\index.php(13): CWebApplication->run()
REQUEST_URI=/Input/index.php/site/registration
in C:\xampp\htdocs\Input\protected\views\site\registration.php (5)
in C:\xampp\htdocs\Input\protected\controllers\SiteController.php (110)
in C:\xampp\htdocs\Input\index.php (13)
2019/03/07 10:59:02 [error] [php] Undefined variable: model (C:\xampp\htdocs\Input\protected\views\site\registration.php:5)
Stack trace:
#0 C:\NewFolder\yii\framework\web\CController.php(869): SiteController->renderFile()
#1 C:\NewFolder\yii\framework\web\CController.php(782): SiteController->renderPartial()
#2 C:\xampp\htdocs\Input\protected\controllers\SiteController.php(110): SiteController->render()
#3 C:\NewFolder\yii\framework\web\actions\CInlineAction.php(49): SiteController->actionRegistration()
#4 C:\NewFolder\yii\framework\web\CController.php(308): CInlineAction->runWithParams()
#5 C:\NewFolder\yii\framework\web\CController.php(286): SiteController->runAction()
#6 C:\NewFolder\yii\framework\web\CController.php(265): SiteController->runActionWithFilters()
#7 C:\NewFolder\yii\framework\web\CWebApplication.php(282): SiteController->run()
#8 C:\NewFolder\yii\framework\web\CWebApplication.php(141): CWebApplication->runController()
#9 C:\NewFolder\yii\framework\base\CApplication.php(180): CWebApplication->processRequest()
#10 C:\xampp\htdocs\Input\index.php(13): CWebApplication->run()
REQUEST_URI=/Input/index.php/site/registration
in C:\xampp\htdocs\Input\protected\views\site\registration.php (5)
in C:\xampp\htdocs\Input\protected\controllers\SiteController.php (110)
in C:\xampp\htdocs\Input\index.php (13)
2019/03/07 11:07:15 [error] [exception.CException] CException: SiteController cannot find the requested view "registration". in C:\NewFolder\yii\framework\web\CController.php:878
Stack trace:
#0 C:\NewFolder\yii\framework\web\CController.php(782): CController->renderPartial('registration', NULL, true)
#1 C:\xampp\htdocs\Input\protected\controllers\SiteController.php(110): CController->render('registration')
#2 C:\NewFolder\yii\framework\web\actions\CInlineAction.php(49): SiteController->actionRegistration()
#3 C:\NewFolder\yii\framework\web\CController.php(308): CInlineAction->runWithParams(Array)
#4 C:\NewFolder\yii\framework\web\CController.php(286): CController->runAction(Object(CInlineAction))
#5 C:\NewFolder\yii\framework\web\CController.php(265): CController->runActionWithFilters(Object(CInlineAction), Array)
#6 C:\NewFolder\yii\framework\web\CWebApplication.php(282): CController->run('registration')
#7 C:\NewFolder\yii\framework\web\CWebApplication.php(141): CWebApplication->runController('site/registrati...')
#8 C:\NewFolder\yii\framework\base\CApplication.php(180): CWebApplication->processRequest()
#9 C:\xampp\htdocs\Input\index.php(13): CApplication->run()
#10 {main}
REQUEST_URI=/Input/index.php/site/registration
HTTP_REFERER=http://localhost/Input/index.php/site/index
---
2019/03/07 11:07:42 [error] [exception.CException] CException: SiteController cannot find the requested view "registration". in C:\NewFolder\yii\framework\web\CController.php:878
Stack trace:
#0 C:\NewFolder\yii\framework\web\CController.php(782): CController->renderPartial('registration', NULL, true)
#1 C:\xampp\htdocs\Input\protected\controllers\SiteController.php(110): CController->render('registration')
#2 C:\NewFolder\yii\framework\web\actions\CInlineAction.php(49): SiteController->actionRegistration()
#3 C:\NewFolder\yii\framework\web\CController.php(308): CInlineAction->runWithParams(Array)
#4 C:\NewFolder\yii\framework\web\CController.php(286): CController->runAction(Object(CInlineAction))
#5 C:\NewFolder\yii\framework\web\CController.php(265): CController->runActionWithFilters(Object(CInlineAction), Array)
#6 C:\NewFolder\yii\framework\web\CWebApplication.php(282): CController->run('registration')
#7 C:\NewFolder\yii\framework\web\CWebApplication.php(141): CWebApplication->runController('site/registrati...')
#8 C:\NewFolder\yii\framework\base\CApplication.php(180): CWebApplication->processRequest()
#9 C:\xampp\htdocs\Input\index.php(13): CApplication->run()
#10 {main}
REQUEST_URI=/Input/index.php/site/registration
HTTP_REFERER=http://localhost/Input/index.php/site/index
---
2019/03/07 11:10:59 [error] [exception.CHttpException.404] CHttpException: The system is unable to find the requested action "registration". in C:\NewFolder\yii\framework\web\CController.php:483
Stack trace:
#0 C:\NewFolder\yii\framework\web\CController.php(270): CController->missingAction('registration')
#1 C:\NewFolder\yii\framework\web\CWebApplication.php(282): CController->run('registration')
#2 C:\NewFolder\yii\framework\web\CWebApplication.php(141): CWebApplication->runController('site/registrati...')
#3 C:\NewFolder\yii\framework\base\CApplication.php(180): CWebApplication->processRequest()
#4 C:\xampp\htdocs\Input\index.php(13): CApplication->run()
#5 {main}
REQUEST_URI=/Input/index.php/site/registration
HTTP_REFERER=http://localhost/Input/index.php/site/index
---
2019/03/07 11:11:03 [error] [exception.CHttpException.404] CHttpException: Unable to resolve the request "registration/registration". in C:\NewFolder\yii\framework\web\CWebApplication.php:286
Stack trace:
#0 C:\NewFolder\yii\framework\web\CWebApplication.php(141): CWebApplication->runController('registration/re...')
#1 C:\NewFolder\yii\framework\base\CApplication.php(180): CWebApplication->processRequest()
#2 C:\xampp\htdocs\Input\index.php(13): CApplication->run()
#3 {main}
REQUEST_URI=/Input/index.php/registration/registration?view=registration
HTTP_REFERER=http://localhost/Input/index.php/site/registration
---
2019/03/07 11:13:51 [error] [exception.CHttpException.404] CHttpException: Unable to resolve the request "registration/registration". in C:\NewFolder\yii\framework\web\CWebApplication.php:286
Stack trace:
#0 C:\NewFolder\yii\framework\web\CWebApplication.php(141): CWebApplication->runController('registration/re...')
#1 C:\NewFolder\yii\framework\base\CApplication.php(180): CWebApplication->processRequest()
#2 C:\xampp\htdocs\Input\index.php(13): CApplication->run()
#3 {main}
REQUEST_URI=/Input/index.php/registration/registration?view=registration
HTTP_REFERER=http://localhost/Input/index.php/registration/registration?view=registration
---
2019/03/07 11:14:00 [error] [exception.CHttpException.404] CHttpException: Unable to resolve the request "registration/registration". in C:\NewFolder\yii\framework\web\CWebApplication.php:286
Stack trace:
#0 C:\NewFolder\yii\framework\web\CWebApplication.php(141): CWebApplication->runController('registration/re...')
#1 C:\NewFolder\yii\framework\base\CApplication.php(180): CWebApplication->processRequest()
#2 C:\xampp\htdocs\Input\index.php(13): CApplication->run()
#3 {main}
REQUEST_URI=/Input/index.php/registration/registration?view=registration
HTTP_REFERER=http://localhost/Input/index.php/registration/registration?view=registration
---
2019/03/07 11:14:14 [error] [system.db.CDbCommand] CDbCommand::fetchAll() failed: SQLSTATE[42S02]: Base table or view not found: 1146 Table 'testdrive.registeration' doesn't exist. The SQL statement executed was: SHOW FULL COLUMNS FROM `registeration`.
in C:\xampp\htdocs\Input\protected\controllers\RegisterationController.php (7)
in C:\xampp\htdocs\Input\index.php (13)
2019/03/07 11:14:14 [error] [exception.CDbException] CDbException: The table "registeration" for active record class "RegistrationForm" cannot be found in the database. in C:\NewFolder\yii\framework\db\ar\CActiveRecord.php:2362
Stack trace:
#0 C:\NewFolder\yii\framework\db\ar\CActiveRecord.php(411): CActiveRecordMetaData->__construct(Object(RegistrationForm))
#1 C:\NewFolder\yii\framework\db\ar\CActiveRecord.php(79): CActiveRecord->getMetaData()
#2 C:\xampp\htdocs\Input\protected\controllers\RegisterationController.php(7): CActiveRecord->__construct()
#3 C:\NewFolder\yii\framework\web\actions\CInlineAction.php(49): RegisterationController->actionRegisteration()
#4 C:\NewFolder\yii\framework\web\CController.php(308): CInlineAction->runWithParams(Array)
#5 C:\NewFolder\yii\framework\web\CController.php(286): CController->runAction(Object(CInlineAction))
#6 C:\NewFolder\yii\framework\web\CController.php(265): CController->runActionWithFilters(Object(CInlineAction), Array)
#7 C:\NewFolder\yii\framework\web\CWebApplication.php(282): CController->run('registeration')
#8 C:\NewFolder\yii\framework\web\CWebApplication.php(141): CWebApplication->runController('registeration/r...')
#9 C:\NewFolder\yii\framework\base\CApplication.php(180): CWebApplication->processRequest()
#10 C:\xampp\htdocs\Input\index.php(13): CApplication->run()
#11 {main}
REQUEST_URI=/Input/index.php/registeration/registeration?view=registeration
---
2019/03/07 11:14:46 [error] [php] include(RegisterationForm.php): failed to open stream: No such file or directory (C:\NewFolder\yii\framework\YiiBase.php:427)
Stack trace:
#0 C:\xampp\htdocs\Input\protected\controllers\RegisterationController.php(7): spl_autoload_call()
#1 C:\NewFolder\yii\framework\web\actions\CInlineAction.php(49): RegisterationController->actionRegisteration()
#2 C:\NewFolder\yii\framework\web\CController.php(308): CInlineAction->runWithParams()
#3 C:\NewFolder\yii\framework\web\CController.php(286): RegisterationController->runAction()
#4 C:\NewFolder\yii\framework\web\CController.php(265): RegisterationController->runActionWithFilters()
#5 C:\NewFolder\yii\framework\web\CWebApplication.php(282): RegisterationController->run()
#6 C:\NewFolder\yii\framework\web\CWebApplication.php(141): CWebApplication->runController()
#7 C:\NewFolder\yii\framework\base\CApplication.php(180): CWebApplication->processRequest()
#8 C:\xampp\htdocs\Input\index.php(13): CWebApplication->run()
REQUEST_URI=/Input/index.php/registeration/registeration?view=registeration
in C:\xampp\htdocs\Input\protected\controllers\RegisterationController.php (7)
in C:\xampp\htdocs\Input\index.php (13)
2019/03/07 11:20:04 [error] [php] include(RegisterationForm.php): failed to open stream: No such file or directory (C:\NewFolder\yii\framework\YiiBase.php:427)
Stack trace:
#0 C:\xampp\htdocs\Input\protected\controllers\RegisterationController.php(7): spl_autoload_call()
#1 C:\NewFolder\yii\framework\web\actions\CInlineAction.php(49): RegisterationController->actionRegisteration()
#2 C:\NewFolder\yii\framework\web\CController.php(308): CInlineAction->runWithParams()
#3 C:\NewFolder\yii\framework\web\CController.php(286): RegisterationController->runAction()
#4 C:\NewFolder\yii\framework\web\CController.php(265): RegisterationController->runActionWithFilters()
#5 C:\NewFolder\yii\framework\web\CWebApplication.php(282): RegisterationController->run()
#6 C:\NewFolder\yii\framework\web\CWebApplication.php(141): CWebApplication->runController()
#7 C:\NewFolder\yii\framework\base\CApplication.php(180): CWebApplication->processRequest()
#8 C:\xampp\htdocs\Input\index.php(13): CWebApplication->run()
REQUEST_URI=/Input/index.php/registeration/registeration?view=registeration
in C:\xampp\htdocs\Input\protected\controllers\RegisterationController.php (7)
in C:\xampp\htdocs\Input\index.php (13)
2019/03/07 11:20:44 [error] [exception.Error] Error: Class 'RegisterationForm' not found in C:\xampp\htdocs\Input\protected\controllers\RegisterationController.php:7
Stack trace:
#0 C:\NewFolder\yii\framework\web\actions\CInlineAction.php(49): RegisterationController->actionRegisteration()
#1 C:\NewFolder\yii\framework\web\CController.php(308): CInlineAction->runWithParams(Array)
#2 C:\NewFolder\yii\framework\web\CController.php(286): CController->runAction(Object(CInlineAction))
#3 C:\NewFolder\yii\framework\web\CController.php(265): CController->runActionWithFilters(Object(CInlineAction), Array)
#4 C:\NewFolder\yii\framework\web\CWebApplication.php(282): CController->run('registeration')
#5 C:\NewFolder\yii\framework\web\CWebApplication.php(141): CWebApplication->runController('registeration/r...')
#6 C:\NewFolder\yii\framework\base\CApplication.php(180): CWebApplication->processRequest()
#7 C:\xampp\htdocs\Input\index.php(13): CApplication->run()
#8 {main}
REQUEST_URI=/Input/index.php/registeration/registeration?view=registeration
---
2019/03/07 11:21:18 [error] [exception.CException] CException: RegisterationController cannot find the requested view "registration". in C:\NewFolder\yii\framework\web\CController.php:878
Stack trace:
#0 C:\NewFolder\yii\framework\web\CController.php(782): CController->renderPartial('registration', Array, true)
#1 C:\xampp\htdocs\Input\protected\controllers\RegisterationController.php(9): CController->render('registration', Array)
#2 C:\NewFolder\yii\framework\web\actions\CInlineAction.php(49): RegisterationController->actionRegisteration()
#3 C:\NewFolder\yii\framework\web\CController.php(308): CInlineAction->runWithParams(Array)
#4 C:\NewFolder\yii\framework\web\CController.php(286): CController->runAction(Object(CInlineAction))
#5 C:\NewFolder\yii\framework\web\CController.php(265): CController->runActionWithFilters(Object(CInlineAction), Array)
#6 C:\NewFolder\yii\framework\web\CWebApplication.php(282): CController->run('registeration')
#7 C:\NewFolder\yii\framework\web\CWebApplication.php(141): CWebApplication->runController('registeration/r...')
#8 C:\NewFolder\yii\framework\base\CApplication.php(180): CWebApplication->processRequest()
#9 C:\xampp\htdocs\Input\index.php(13): CApplication->run()
#10 {main}
REQUEST_URI=/Input/index.php/registeration/registeration?view=registeration
---
2019/03/07 11:23:26 [error] [php] Undefined variable: form (C:\xampp\htdocs\Input\protected\views\registeration\registeration.php:34)
Stack trace:
#0 C:\NewFolder\yii\framework\web\CController.php(869): RegisterationController->renderFile()
#1 C:\NewFolder\yii\framework\web\CController.php(782): RegisterationController->renderPartial()
#2 C:\xampp\htdocs\Input\protected\controllers\RegisterationController.php(9): RegisterationController->render()
#3 C:\NewFolder\yii\framework\web\actions\CInlineAction.php(49): RegisterationController->actionRegisteration()
#4 C:\NewFolder\yii\framework\web\CController.php(308): CInlineAction->runWithParams()
#5 C:\NewFolder\yii\framework\web\CController.php(286): RegisterationController->runAction()
#6 C:\NewFolder\yii\framework\web\CController.php(265): RegisterationController->runActionWithFilters()
#7 C:\NewFolder\yii\framework\web\CWebApplication.php(282): RegisterationController->run()
#8 C:\NewFolder\yii\framework\web\CWebApplication.php(141): CWebApplication->runController()
#9 C:\NewFolder\yii\framework\base\CApplication.php(180): CWebApplication->processRequest()
#10 C:\xampp\htdocs\Input\index.php(13): CWebApplication->run()
REQUEST_URI=/Input/index.php/registeration/registeration?view=registeration
in C:\xampp\htdocs\Input\protected\views\registeration\registeration.php (34)
in C:\xampp\htdocs\Input\protected\controllers\RegisterationController.php (9)
in C:\xampp\htdocs\Input\index.php (13)
2019/03/07 11:31:17 [error] [php] Undefined index: RegistrationForm (C:\xampp\htdocs\Input\protected\controllers\RegisterationController.php:16)
Stack trace:
#0 C:\NewFolder\yii\framework\web\CController.php(286): RegisterationController->runAction()
#1 C:\NewFolder\yii\framework\web\CController.php(265): RegisterationController->runActionWithFilters()
#2 C:\NewFolder\yii\framework\web\CWebApplication.php(282): RegisterationController->run()
#3 C:\NewFolder\yii\framework\web\CWebApplication.php(141): CWebApplication->runController()
#4 C:\NewFolder\yii\framework\base\CApplication.php(180): CWebApplication->processRequest()
#5 C:\xampp\htdocs\Input\index.php(13): CWebApplication->run()
REQUEST_URI=/Input/index.php/registeration/registeration?view=registeration
in C:\xampp\htdocs\Input\protected\controllers\RegisterationController.php (16)
in C:\xampp\htdocs\Input\index.php (13)
2019/03/07 11:31:58 [error] [exception.CException] CException: Property "RegisterationForm.create_time" is not defined. in C:\NewFolder\yii\framework\base\CComponent.php:173
Stack trace:
#0 C:\NewFolder\yii\framework\db\ar\CActiveRecord.php(161): CComponent->__set('create_time', 1551954718)
#1 C:\xampp\htdocs\Input\protected\controllers\RegisterationController.php(33): CActiveRecord->__set('create_time', 1551954718)
#2 C:\NewFolder\yii\framework\web\actions\CInlineAction.php(49): RegisterationController->actionRegisteration()
#3 C:\NewFolder\yii\framework\web\CController.php(308): CInlineAction->runWithParams(Array)
#4 C:\NewFolder\yii\framework\web\CController.php(286): CController->runAction(Object(CInlineAction))
#5 C:\NewFolder\yii\framework\web\CController.php(265): CController->runActionWithFilters(Object(CInlineAction), Array)
#6 C:\NewFolder\yii\framework\web\CWebApplication.php(282): CController->run('registeration')
#7 C:\NewFolder\yii\framework\web\CWebApplication.php(141): CWebApplication->runController('registeration/r...')
#8 C:\NewFolder\yii\framework\base\CApplication.php(180): CWebApplication->processRequest()
#9 C:\xampp\htdocs\Input\index.php(13): CApplication->run()
#10 {main}
REQUEST_URI=/Input/index.php/registeration/registeration?view=registeration
HTTP_REFERER=http://localhost/Input/index.php/registeration/registeration?view=registeration
---
2019/03/07 11:35:24 [error] [php] Undefined variable: model (C:\xampp\htdocs\Input\protected\controllers\RegisterationController.php:33)
Stack trace:
#0 C:\NewFolder\yii\framework\web\CController.php(286): RegisterationController->runAction()
#1 C:\NewFolder\yii\framework\web\CController.php(265): RegisterationController->runActionWithFilters()
#2 C:\NewFolder\yii\framework\web\CWebApplication.php(282): RegisterationController->run()
#3 C:\NewFolder\yii\framework\web\CWebApplication.php(141): CWebApplication->runController()
#4 C:\NewFolder\yii\framework\base\CApplication.php(180): CWebApplication->processRequest()
#5 C:\xampp\htdocs\Input\index.php(13): CWebApplication->run()
REQUEST_URI=/Input/index.php/registeration/registeration?view=registeration
in C:\xampp\htdocs\Input\protected\controllers\RegisterationController.php (33)
in C:\xampp\htdocs\Input\index.php (13)
2019/03/07 11:44:50 [error] [exception.CHttpException.404] CHttpException: Unable to resolve the request "registration/registration". in C:\NewFolder\yii\framework\web\CWebApplication.php:286
Stack trace:
#0 C:\NewFolder\yii\framework\web\CWebApplication.php(141): CWebApplication->runController('registration/re...')
#1 C:\NewFolder\yii\framework\base\CApplication.php(180): CWebApplication->processRequest()
#2 C:\xampp\htdocs\Input\index.php(13): CApplication->run()
#3 {main}
REQUEST_URI=/Input/index.php/registration/registration?view=registration
HTTP_REFERER=http://localhost/Input/index.php/posted/posted?view=posted
---
2019/03/07 11:45:48 [error] [exception.CHttpException.404] CHttpException: Unable to resolve the request "registration/registration". in C:\NewFolder\yii\framework\web\CWebApplication.php:286
Stack trace:
#0 C:\NewFolder\yii\framework\web\CWebApplication.php(141): CWebApplication->runController('registration/re...')
#1 C:\NewFolder\yii\framework\base\CApplication.php(180): CWebApplication->processRequest()
#2 C:\xampp\htdocs\Input\index.php(13): CApplication->run()
#3 {main}
REQUEST_URI=/Input/index.php/registration/registration?view=registration
HTTP_REFERER=http://localhost/Input/index.php/registration/registration?view=registration
---
2019/03/07 11:59:28 [error] [php] Undefined variable: post (C:\xampp\htdocs\Input\protected\controllers\RegisterationController.php:9)
Stack trace:
#0 C:\NewFolder\yii\framework\web\CController.php(286): RegisterationController->runAction()
#1 C:\NewFolder\yii\framework\web\CController.php(265): RegisterationController->runActionWithFilters()
#2 C:\NewFolder\yii\framework\web\CWebApplication.php(282): RegisterationController->run()
#3 C:\NewFolder\yii\framework\web\CWebApplication.php(141): CWebApplication->runController()
#4 C:\NewFolder\yii\framework\base\CApplication.php(180): CWebApplication->processRequest()
#5 C:\xampp\htdocs\Input\index.php(13): CWebApplication->run()
REQUEST_URI=/Input/index.php/registeration/registeration?view=registeration
in C:\xampp\htdocs\Input\protected\controllers\RegisterationController.php (9)
in C:\xampp\htdocs\Input\index.php (13)
2019/03/07 12:01:04 [error] [php] Undefined variable: post (C:\xampp\htdocs\Input\protected\controllers\RegisterationController.php:9)
Stack trace:
#0 C:\NewFolder\yii\framework\web\CController.php(286): RegisterationController->runAction()
#1 C:\NewFolder\yii\framework\web\CController.php(265): RegisterationController->runActionWithFilters()
#2 C:\NewFolder\yii\framework\web\CWebApplication.php(282): RegisterationController->run()
#3 C:\NewFolder\yii\framework\web\CWebApplication.php(141): CWebApplication->runController()
#4 C:\NewFolder\yii\framework\base\CApplication.php(180): CWebApplication->processRequest()
#5 C:\xampp\htdocs\Input\index.php(13): CWebApplication->run()
REQUEST_URI=/Input/index.php/registeration/registeration?view=registeration
in C:\xampp\htdocs\Input\protected\controllers\RegisterationController.php (9)
in C:\xampp\htdocs\Input\index.php (13)
2019/03/07 12:08:25 [error] [exception.CException] CException: RegisterationController has an extra endWidget() call in its view. in C:\NewFolder\yii\framework\web\CBaseController.php:210
Stack trace:
#0 C:\xampp\htdocs\Input\protected\views\registeration\registeration.php(47): CBaseController->endWidget()
#1 C:\NewFolder\yii\framework\web\CBaseController.php(126): require('C:\\xampp\\htdocs...')
#2 C:\NewFolder\yii\framework\web\CBaseController.php(95): CBaseController->renderInternal('C:\\xampp\\htdocs...', Array, true)
#3 C:\NewFolder\yii\framework\web\CController.php(869): CBaseController->renderFile('C:\\xampp\\htdocs...', Array, true)
#4 C:\NewFolder\yii\framework\web\CController.php(782): CController->renderPartial('registeration', Array, true)
#5 C:\xampp\htdocs\Input\protected\controllers\RegisterationController.php(10): CController->render('registeration', Array)
#6 C:\NewFolder\yii\framework\web\actions\CInlineAction.php(49): RegisterationController->actionRegisteration()
#7 C:\NewFolder\yii\framework\web\CController.php(308): CInlineAction->runWithParams(Array)
#8 C:\NewFolder\yii\framework\web\CController.php(286): CController->runAction(Object(CInlineAction))
#9 C:\NewFolder\yii\framework\web\CController.php(265): CController->runActionWithFilters(Object(CInlineAction), Array)
#10 C:\NewFolder\yii\framework\web\CWebApplication.php(282): CController->run('registeration')
#11 C:\NewFolder\yii\framework\web\CWebApplication.php(141): CWebApplication->runController('registeration/r...')
#12 C:\NewFolder\yii\framework\base\CApplication.php(180): CWebApplication->processRequest()
#13 C:\xampp\htdocs\Input\index.php(13): CApplication->run()
#14 {main}
REQUEST_URI=/Input/index.php/registeration/registeration?view=registeration
HTTP_REFERER=http://localhost/Input/index.php/posted/posted?view=posted
---
2019/03/07 12:08:45 [error] [exception.CException] CException: RegisterationController has an extra endWidget() call in its view. in C:\NewFolder\yii\framework\web\CBaseController.php:210
Stack trace:
#0 C:\xampp\htdocs\Input\protected\views\registeration\registeration.php(47): CBaseController->endWidget()
#1 C:\NewFolder\yii\framework\web\CBaseController.php(126): require('C:\\xampp\\htdocs...')
#2 C:\NewFolder\yii\framework\web\CBaseController.php(95): CBaseController->renderInternal('C:\\xampp\\htdocs...', Array, true)
#3 C:\NewFolder\yii\framework\web\CController.php(869): CBaseController->renderFile('C:\\xampp\\htdocs...', Array, true)
#4 C:\NewFolder\yii\framework\web\CController.php(782): CController->renderPartial('registeration', Array, true)
#5 C:\xampp\htdocs\Input\protected\controllers\RegisterationController.php(10): CController->render('registeration', Array)
#6 C:\NewFolder\yii\framework\web\actions\CInlineAction.php(49): RegisterationController->actionRegisteration()
#7 C:\NewFolder\yii\framework\web\CController.php(308): CInlineAction->runWithParams(Array)
#8 C:\NewFolder\yii\framework\web\CController.php(286): CController->runAction(Object(CInlineAction))
#9 C:\NewFolder\yii\framework\web\CController.php(265): CController->runActionWithFilters(Object(CInlineAction), Array)
#10 C:\NewFolder\yii\framework\web\CWebApplication.php(282): CController->run('registeration')
#11 C:\NewFolder\yii\framework\web\CWebApplication.php(141): CWebApplication->runController('registeration/r...')
#12 C:\NewFolder\yii\framework\base\CApplication.php(180): CWebApplication->processRequest()
#13 C:\xampp\htdocs\Input\index.php(13): CApplication->run()
#14 {main}
REQUEST_URI=/Input/index.php/registeration/registeration?view=registeration
HTTP_REFERER=http://localhost/Input/index.php/posted/posted?view=posted
---
2019/03/07 12:09:13 [error] [exception.CException] CException: RegisterationController has an extra endWidget() call in its view. in C:\NewFolder\yii\framework\web\CBaseController.php:210
Stack trace:
#0 C:\xampp\htdocs\Input\protected\views\registeration\registeration.php(47): CBaseController->endWidget()
#1 C:\NewFolder\yii\framework\web\CBaseController.php(126): require('C:\\xampp\\htdocs...')
#2 C:\NewFolder\yii\framework\web\CBaseController.php(95): CBaseController->renderInternal('C:\\xampp\\htdocs...', Array, true)
#3 C:\NewFolder\yii\framework\web\CController.php(869): CBaseController->renderFile('C:\\xampp\\htdocs...', Array, true)
#4 C:\NewFolder\yii\framework\web\CController.php(782): CController->renderPartial('registeration', Array, true)
#5 C:\xampp\htdocs\Input\protected\controllers\RegisterationController.php(10): CController->render('registeration', Array)
#6 C:\NewFolder\yii\framework\web\actions\CInlineAction.php(49): RegisterationController->actionRegisteration()
#7 C:\NewFolder\yii\framework\web\CController.php(308): CInlineAction->runWithParams(Array)
#8 C:\NewFolder\yii\framework\web\CController.php(286): CController->runAction(Object(CInlineAction))
#9 C:\NewFolder\yii\framework\web\CController.php(265): CController->runActionWithFilters(Object(CInlineAction), Array)
#10 C:\NewFolder\yii\framework\web\CWebApplication.php(282): CController->run('registeration')
#11 C:\NewFolder\yii\framework\web\CWebApplication.php(141): CWebApplication->runController('registeration/r...')
#12 C:\NewFolder\yii\framework\base\CApplication.php(180): CWebApplication->processRequest()
#13 C:\xampp\htdocs\Input\index.php(13): CApplication->run()
#14 {main}
REQUEST_URI=/Input/index.php/registeration/registeration?view=registeration
HTTP_REFERER=http://localhost/Input/index.php/posted/posted?view=posted
---
2019/03/07 12:13:37 [error] [exception.ParseError] ParseError: syntax error, unexpected 'echo' (T_ECHO), expecting ',' or ';' in C:\xampp\htdocs\Input\protected\views\registeration\registeration.php:15
Stack trace:
#0 C:\NewFolder\yii\framework\web\CBaseController.php(95): CBaseController->renderInternal('C:\\xampp\\htdocs...', Array, true)
#1 C:\NewFolder\yii\framework\web\CController.php(869): CBaseController->renderFile('C:\\xampp\\htdocs...', Array, true)
#2 C:\NewFolder\yii\framework\web\CController.php(782): CController->renderPartial('registeration', Array, true)
#3 C:\xampp\htdocs\Input\protected\controllers\RegisterationController.php(10): CController->render('registeration', Array)
#4 C:\NewFolder\yii\framework\web\actions\CInlineAction.php(49): RegisterationController->actionRegisteration()
#5 C:\NewFolder\yii\framework\web\CController.php(308): CInlineAction->runWithParams(Array)
#6 C:\NewFolder\yii\framework\web\CController.php(286): CController->runAction(Object(CInlineAction))
#7 C:\NewFolder\yii\framework\web\CController.php(265): CController->runActionWithFilters(Object(CInlineAction), Array)
#8 C:\NewFolder\yii\framework\web\CWebApplication.php(282): CController->run('registeration')
#9 C:\NewFolder\yii\framework\web\CWebApplication.php(141): CWebApplication->runController('registeration/r...')
#10 C:\NewFolder\yii\framework\base\CApplication.php(180): CWebApplication->processRequest()
#11 C:\xampp\htdocs\Input\index.php(13): CApplication->run()
#12 {main}
REQUEST_URI=/Input/index.php/registeration/registeration?view=registeration
HTTP_REFERER=http://localhost/Input/index.php/posted/posted?view=posted
---
2019/03/07 12:14:03 [error] [exception.CException] CException: CActiveForm and its behaviors do not have a method or closure named "activeLabel". in C:\NewFolder\yii\framework\base\CComponent.php:266
Stack trace:
#0 C:\xampp\htdocs\Input\protected\views\registeration\registeration.php(12): CComponent->__call('activeLabel', Array)
#1 C:\NewFolder\yii\framework\web\CBaseController.php(126): require('C:\\xampp\\htdocs...')
#2 C:\NewFolder\yii\framework\web\CBaseController.php(95): CBaseController->renderInternal('C:\\xampp\\htdocs...', Array, true)
#3 C:\NewFolder\yii\framework\web\CController.php(869): CBaseController->renderFile('C:\\xampp\\htdocs...', Array, true)
#4 C:\NewFolder\yii\framework\web\CController.php(782): CController->renderPartial('registeration', Array, true)
#5 C:\xampp\htdocs\Input\protected\controllers\RegisterationController.php(10): CController->render('registeration', Array)
#6 C:\NewFolder\yii\framework\web\actions\CInlineAction.php(49): RegisterationController->actionRegisteration()
#7 C:\NewFolder\yii\framework\web\CController.php(308): CInlineAction->runWithParams(Array)
#8 C:\NewFolder\yii\framework\web\CController.php(286): CController->runAction(Object(CInlineAction))
#9 C:\NewFolder\yii\framework\web\CController.php(265): CController->runActionWithFilters(Object(CInlineAction), Array)
#10 C:\NewFolder\yii\framework\web\CWebApplication.php(282): CController->run('registeration')
#11 C:\NewFolder\yii\framework\web\CWebApplication.php(141): CWebApplication->runController('registeration/r...')
#12 C:\NewFolder\yii\framework\base\CApplication.php(180): CWebApplication->processRequest()
#13 C:\xampp\htdocs\Input\index.php(13): CApplication->run()
#14 {main}
REQUEST_URI=/Input/index.php/registeration/registeration?view=registeration
HTTP_REFERER=http://localhost/Input/index.php/posted/posted?view=posted
---
2019/03/07 12:14:27 [error] [exception.CException] CException: CActiveForm and its behaviors do not have a method or closure named "activeLabel". in C:\NewFolder\yii\framework\base\CComponent.php:266
Stack trace:
#0 C:\xampp\htdocs\Input\protected\views\registeration\registeration.php(12): CComponent->__call('activeLabel', Array)
#1 C:\NewFolder\yii\framework\web\CBaseController.php(126): require('C:\\xampp\\htdocs...')
#2 C:\NewFolder\yii\framework\web\CBaseController.php(95): CBaseController->renderInternal('C:\\xampp\\htdocs...', Array, true)
#3 C:\NewFolder\yii\framework\web\CController.php(869): CBaseController->renderFile('C:\\xampp\\htdocs...', Array, true)
#4 C:\NewFolder\yii\framework\web\CController.php(782): CController->renderPartial('registeration', Array, true)
#5 C:\xampp\htdocs\Input\protected\controllers\RegisterationController.php(10): CController->render('registeration', Array)
#6 C:\NewFolder\yii\framework\web\actions\CInlineAction.php(49): RegisterationController->actionRegisteration()
#7 C:\NewFolder\yii\framework\web\CController.php(308): CInlineAction->runWithParams(Array)
#8 C:\NewFolder\yii\framework\web\CController.php(286): CController->runAction(Object(CInlineAction))
#9 C:\NewFolder\yii\framework\web\CController.php(265): CController->runActionWithFilters(Object(CInlineAction), Array)
#10 C:\NewFolder\yii\framework\web\CWebApplication.php(282): CController->run('registeration')
#11 C:\NewFolder\yii\framework\web\CWebApplication.php(141): CWebApplication->runController('registeration/r...')
#12 C:\NewFolder\yii\framework\base\CApplication.php(180): CWebApplication->processRequest()
#13 C:\xampp\htdocs\Input\index.php(13): CApplication->run()
#14 {main}
REQUEST_URI=/Input/index.php/registeration/registeration?view=registeration
HTTP_REFERER=http://localhost/Input/index.php/posted/posted?view=posted
---
2019/03/07 12:14:29 [error] [exception.CException] CException: CActiveForm and its behaviors do not have a method or closure named "activeLabel". in C:\NewFolder\yii\framework\base\CComponent.php:266
Stack trace:
#0 C:\xampp\htdocs\Input\protected\views\registeration\registeration.php(12): CComponent->__call('activeLabel', Array)
#1 C:\NewFolder\yii\framework\web\CBaseController.php(126): require('C:\\xampp\\htdocs...')
#2 C:\NewFolder\yii\framework\web\CBaseController.php(95): CBaseController->renderInternal('C:\\xampp\\htdocs...', Array, true)
#3 C:\NewFolder\yii\framework\web\CController.php(869): CBaseController->renderFile('C:\\xampp\\htdocs...', Array, true)
#4 C:\NewFolder\yii\framework\web\CController.php(782): CController->renderPartial('registeration', Array, true)
#5 C:\xampp\htdocs\Input\protected\controllers\RegisterationController.php(10): CController->render('registeration', Array)
#6 C:\NewFolder\yii\framework\web\actions\CInlineAction.php(49): RegisterationController->actionRegisteration()
#7 C:\NewFolder\yii\framework\web\CController.php(308): CInlineAction->runWithParams(Array)
#8 C:\NewFolder\yii\framework\web\CController.php(286): CController->runAction(Object(CInlineAction))
#9 C:\NewFolder\yii\framework\web\CController.php(265): CController->runActionWithFilters(Object(CInlineAction), Array)
#10 C:\NewFolder\yii\framework\web\CWebApplication.php(282): CController->run('registeration')
#11 C:\NewFolder\yii\framework\web\CWebApplication.php(141): CWebApplication->runController('registeration/r...')
#12 C:\NewFolder\yii\framework\base\CApplication.php(180): CWebApplication->processRequest()
#13 C:\xampp\htdocs\Input\index.php(13): CApplication->run()
#14 {main}
REQUEST_URI=/Input/index.php/registeration/registeration?view=registeration
HTTP_REFERER=http://localhost/Input/index.php/posted/posted?view=posted
---
2019/03/07 12:14:55 [error] [exception.CException] CException: CActiveForm and its behaviors do not have a method or closure named "activeLabel". in C:\NewFolder\yii\framework\base\CComponent.php:266
Stack trace:
#0 C:\xampp\htdocs\Input\protected\views\registeration\registeration.php(12): CComponent->__call('activeLabel', Array)
#1 C:\NewFolder\yii\framework\web\CBaseController.php(126): require('C:\\xampp\\htdocs...')
#2 C:\NewFolder\yii\framework\web\CBaseController.php(95): CBaseController->renderInternal('C:\\xampp\\htdocs...', Array, true)
#3 C:\NewFolder\yii\framework\web\CController.php(869): CBaseController->renderFile('C:\\xampp\\htdocs...', Array, true)
#4 C:\NewFolder\yii\framework\web\CController.php(782): CController->renderPartial('registeration', Array, true)
#5 C:\xampp\htdocs\Input\protected\controllers\RegisterationController.php(10): CController->render('registeration', Array)
#6 C:\NewFolder\yii\framework\web\actions\CInlineAction.php(49): RegisterationController->actionRegisteration()
#7 C:\NewFolder\yii\framework\web\CController.php(308): CInlineAction->runWithParams(Array)
#8 C:\NewFolder\yii\framework\web\CController.php(286): CController->runAction(Object(CInlineAction))
#9 C:\NewFolder\yii\framework\web\CController.php(265): CController->runActionWithFilters(Object(CInlineAction), Array)
#10 C:\NewFolder\yii\framework\web\CWebApplication.php(282): CController->run('registeration')
#11 C:\NewFolder\yii\framework\web\CWebApplication.php(141): CWebApplication->runController('registeration/r...')
#12 C:\NewFolder\yii\framework\base\CApplication.php(180): CWebApplication->processRequest()
#13 C:\xampp\htdocs\Input\index.php(13): CApplication->run()
#14 {main}
REQUEST_URI=/Input/index.php/registeration/registeration?view=registeration
HTTP_REFERER=http://localhost/Input/index.php/posted/posted?view=posted
---
2019/03/07 12:16:05 [error] [exception.CException] CException: CActiveForm and its behaviors do not have a method or closure named "activeLabel". in C:\NewFolder\yii\framework\base\CComponent.php:266
Stack trace:
#0 C:\xampp\htdocs\Input\protected\views\registeration\registeration.php(12): CComponent->__call('activeLabel', Array)
#1 C:\NewFolder\yii\framework\web\CBaseController.php(126): require('C:\\xampp\\htdocs...')
#2 C:\NewFolder\yii\framework\web\CBaseController.php(95): CBaseController->renderInternal('C:\\xampp\\htdocs...', Array, true)
#3 C:\NewFolder\yii\framework\web\CController.php(869): CBaseController->renderFile('C:\\xampp\\htdocs...', Array, true)
#4 C:\NewFolder\yii\framework\web\CController.php(782): CController->renderPartial('registeration', Array, true)
#5 C:\xampp\htdocs\Input\protected\controllers\RegisterationController.php(10): CController->render('registeration', Array)
#6 C:\NewFolder\yii\framework\web\actions\CInlineAction.php(49): RegisterationController->actionRegisteration()
#7 C:\NewFolder\yii\framework\web\CController.php(308): CInlineAction->runWithParams(Array)
#8 C:\NewFolder\yii\framework\web\CController.php(286): CController->runAction(Object(CInlineAction))
#9 C:\NewFolder\yii\framework\web\CController.php(265): CController->runActionWithFilters(Object(CInlineAction), Array)
#10 C:\NewFolder\yii\framework\web\CWebApplication.php(282): CController->run('registeration')
#11 C:\NewFolder\yii\framework\web\CWebApplication.php(141): CWebApplication->runController('registeration/r...')
#12 C:\NewFolder\yii\framework\base\CApplication.php(180): CWebApplication->processRequest()
#13 C:\xampp\htdocs\Input\index.php(13): CApplication->run()
#14 {main}
REQUEST_URI=/Input/index.php/registeration/registeration?view=registeration
HTTP_REFERER=http://localhost/Input/index.php/posted/posted?view=posted
---
2019/03/07 12:17:00 [error] [exception.CException] CException: CActiveForm and its behaviors do not have a method or closure named "activeLabel". in C:\NewFolder\yii\framework\base\CComponent.php:266
Stack trace:
#0 C:\xampp\htdocs\Input\protected\views\registeration\registeration.php(12): CComponent->__call('activeLabel', Array)
#1 C:\NewFolder\yii\framework\web\CBaseController.php(126): require('C:\\xampp\\htdocs...')
#2 C:\NewFolder\yii\framework\web\CBaseController.php(95): CBaseController->renderInternal('C:\\xampp\\htdocs...', Array, true)
#3 C:\NewFolder\yii\framework\web\CController.php(869): CBaseController->renderFile('C:\\xampp\\htdocs...', Array, true)
#4 C:\NewFolder\yii\framework\web\CController.php(782): CController->renderPartial('registeration', Array, true)
#5 C:\xampp\htdocs\Input\protected\controllers\RegisterationController.php(10): CController->render('registeration', Array)
#6 C:\NewFolder\yii\framework\web\actions\CInlineAction.php(49): RegisterationController->actionRegisteration()
#7 C:\NewFolder\yii\framework\web\CController.php(308): CInlineAction->runWithParams(Array)
#8 C:\NewFolder\yii\framework\web\CController.php(286): CController->runAction(Object(CInlineAction))
#9 C:\NewFolder\yii\framework\web\CController.php(265): CController->runActionWithFilters(Object(CInlineAction), Array)
#10 C:\NewFolder\yii\framework\web\CWebApplication.php(282): CController->run('registeration')
#11 C:\NewFolder\yii\framework\web\CWebApplication.php(141): CWebApplication->runController('registeration/r...')
#12 C:\NewFolder\yii\framework\base\CApplication.php(180): CWebApplication->processRequest()
#13 C:\xampp\htdocs\Input\index.php(13): CApplication->run()
#14 {main}
REQUEST_URI=/Input/index.php/registeration/registeration?view=registeration
HTTP_REFERER=http://localhost/Input/index.php/posted/posted?view=posted
---
2019/03/07 12:18:09 [error] [exception.CException] CException: CActiveForm and its behaviors do not have a method or closure named "activeLabel". in C:\NewFolder\yii\framework\base\CComponent.php:266
Stack trace:
#0 C:\xampp\htdocs\Input\protected\views\registeration\registeration.php(12): CComponent->__call('activeLabel', Array)
#1 C:\NewFolder\yii\framework\web\CBaseController.php(126): require('C:\\xampp\\htdocs...')
#2 C:\NewFolder\yii\framework\web\CBaseController.php(95): CBaseController->renderInternal('C:\\xampp\\htdocs...', Array, true)
#3 C:\NewFolder\yii\framework\web\CController.php(869): CBaseController->renderFile('C:\\xampp\\htdocs...', Array, true)
#4 C:\NewFolder\yii\framework\web\CController.php(782): CController->renderPartial('registeration', Array, true)
#5 C:\xampp\htdocs\Input\protected\controllers\RegisterationController.php(10): CController->render('registeration', Array)
#6 C:\NewFolder\yii\framework\web\actions\CInlineAction.php(49): RegisterationController->actionRegisteration()
#7 C:\NewFolder\yii\framework\web\CController.php(308): CInlineAction->runWithParams(Array)
#8 C:\NewFolder\yii\framework\web\CController.php(286): CController->runAction(Object(CInlineAction))
#9 C:\NewFolder\yii\framework\web\CController.php(265): CController->runActionWithFilters(Object(CInlineAction), Array)
#10 C:\NewFolder\yii\framework\web\CWebApplication.php(282): CController->run('registeration')
#11 C:\NewFolder\yii\framework\web\CWebApplication.php(141): CWebApplication->runController('registeration/r...')
#12 C:\NewFolder\yii\framework\base\CApplication.php(180): CWebApplication->processRequest()
#13 C:\xampp\htdocs\Input\index.php(13): CApplication->run()
#14 {main}
REQUEST_URI=/Input/index.php/registeration/registeration?view=registeration
HTTP_REFERER=http://localhost/Input/index.php/posted/posted?view=posted
---
2019/03/07 12:25:28 [error] [exception.CException] CException: CActiveForm and its behaviors do not have a method or closure named "activeLabel". in C:\NewFolder\yii\framework\base\CComponent.php:266
Stack trace:
#0 C:\xampp\htdocs\Input\protected\views\registeration\registeration.php(15): CComponent->__call('activeLabel', Array)
#1 C:\NewFolder\yii\framework\web\CBaseController.php(126): require('C:\\xampp\\htdocs...')
#2 C:\NewFolder\yii\framework\web\CBaseController.php(95): CBaseController->renderInternal('C:\\xampp\\htdocs...', Array, true)
#3 C:\NewFolder\yii\framework\web\CController.php(869): CBaseController->renderFile('C:\\xampp\\htdocs...', Array, true)
#4 C:\NewFolder\yii\framework\web\CController.php(782): CController->renderPartial('registeration', Array, true)
#5 C:\xampp\htdocs\Input\protected\controllers\RegisterationController.php(10): CController->render('registeration', Array)
#6 C:\NewFolder\yii\framework\web\actions\CInlineAction.php(49): RegisterationController->actionRegisteration()
#7 C:\NewFolder\yii\framework\web\CController.php(308): CInlineAction->runWithParams(Array)
#8 C:\NewFolder\yii\framework\web\CController.php(286): CController->runAction(Object(CInlineAction))
#9 C:\NewFolder\yii\framework\web\CController.php(265): CController->runActionWithFilters(Object(CInlineAction), Array)
#10 C:\NewFolder\yii\framework\web\CWebApplication.php(282): CController->run('registeration')
#11 C:\NewFolder\yii\framework\web\CWebApplication.php(141): CWebApplication->runController('registeration/r...')
#12 C:\NewFolder\yii\framework\base\CApplication.php(180): CWebApplication->processRequest()
#13 C:\xampp\htdocs\Input\index.php(13): CApplication->run()
#14 {main}
REQUEST_URI=/Input/index.php/registeration/registeration?view=registeration
HTTP_REFERER=http://localhost/Input/index.php/posted/posted?view=posted
---
2019/03/07 12:27:51 [error] [exception.CException] CException: Property "RegisterationForm.names" is not defined. in C:\NewFolder\yii\framework\base\CComponent.php:130
Stack trace:
#0 C:\NewFolder\yii\framework\db\ar\CActiveRecord.php(145): CComponent->__get('names')
#1 C:\NewFolder\yii\framework\web\helpers\CHtml.php(2529): CActiveRecord->__get('names')
#2 C:\NewFolder\yii\framework\web\helpers\CHtml.php(2252): CHtml::resolveValue(Object(RegisterationForm), 'names')
#3 C:\NewFolder\yii\framework\web\helpers\CHtml.php(1434): CHtml::activeInputField('text', Object(RegisterationForm), 'names', Array)
#4 C:\xampp\htdocs\Input\protected\views\registeration\registeration.php(13): CHtml::activeTextField(Object(RegisterationForm), 'names')
#5 C:\NewFolder\yii\framework\web\CBaseController.php(126): require('C:\\xampp\\htdocs...')
#6 C:\NewFolder\yii\framework\web\CBaseController.php(95): CBaseController->renderInternal('C:\\xampp\\htdocs...', Array, true)
#7 C:\NewFolder\yii\framework\web\CController.php(869): CBaseController->renderFile('C:\\xampp\\htdocs...', Array, true)
#8 C:\NewFolder\yii\framework\web\CController.php(782): CController->renderPartial('registeration', Array, true)
#9 C:\xampp\htdocs\Input\protected\controllers\RegisterationController.php(10): CController->render('registeration', Array)
#10 C:\NewFolder\yii\framework\web\actions\CInlineAction.php(49): RegisterationController->actionRegisteration()
#11 C:\NewFolder\yii\framework\web\CController.php(308): CInlineAction->runWithParams(Array)
#12 C:\NewFolder\yii\framework\web\CController.php(286): CController->runAction(Object(CInlineAction))
#13 C:\NewFolder\yii\framework\web\CController.php(265): CController->runActionWithFilters(Object(CInlineAction), Array)
#14 C:\NewFolder\yii\framework\web\CWebApplication.php(282): CController->run('registeration')
#15 C:\NewFolder\yii\framework\web\CWebApplication.php(141): CWebApplication->runController('registeration/r...')
#16 C:\NewFolder\yii\framework\base\CApplication.php(180): CWebApplication->processRequest()
#17 C:\xampp\htdocs\Input\index.php(13): CApplication->run()
#18 {main}
REQUEST_URI=/Input/index.php/registeration/registeration?view=registeration
HTTP_REFERER=http://localhost/Input/index.php/posted/posted?view=posted
---
2019/03/07 12:28:57 [error] [exception.CException] CException: Property "RegisterationForm.names" is not defined. in C:\NewFolder\yii\framework\base\CComponent.php:130
Stack trace:
#0 C:\NewFolder\yii\framework\db\ar\CActiveRecord.php(145): CComponent->__get('names')
#1 C:\NewFolder\yii\framework\web\helpers\CHtml.php(2529): CActiveRecord->__get('names')
#2 C:\NewFolder\yii\framework\web\helpers\CHtml.php(2252): CHtml::resolveValue(Object(RegisterationForm), 'names')
#3 C:\NewFolder\yii\framework\web\helpers\CHtml.php(1434): CHtml::activeInputField('text', Object(RegisterationForm), 'names', Array)
#4 C:\xampp\htdocs\Input\protected\views\registeration\registeration.php(13): CHtml::activeTextField(Object(RegisterationForm), 'names')
#5 C:\NewFolder\yii\framework\web\CBaseController.php(126): require('C:\\xampp\\htdocs...')
#6 C:\NewFolder\yii\framework\web\CBaseController.php(95): CBaseController->renderInternal('C:\\xampp\\htdocs...', Array, true)
#7 C:\NewFolder\yii\framework\web\CController.php(869): CBaseController->renderFile('C:\\xampp\\htdocs...', Array, true)
#8 C:\NewFolder\yii\framework\web\CController.php(782): CController->renderPartial('registeration', Array, true)
#9 C:\xampp\htdocs\Input\protected\controllers\RegisterationController.php(10): CController->render('registeration', Array)
#10 C:\NewFolder\yii\framework\web\actions\CInlineAction.php(49): RegisterationController->actionRegisteration()
#11 C:\NewFolder\yii\framework\web\CController.php(308): CInlineAction->runWithParams(Array)
#12 C:\NewFolder\yii\framework\web\CController.php(286): CController->runAction(Object(CInlineAction))
#13 C:\NewFolder\yii\framework\web\CController.php(265): CController->runActionWithFilters(Object(CInlineAction), Array)
#14 C:\NewFolder\yii\framework\web\CWebApplication.php(282): CController->run('registeration')
#15 C:\NewFolder\yii\framework\web\CWebApplication.php(141): CWebApplication->runController('registeration/r...')
#16 C:\NewFolder\yii\framework\base\CApplication.php(180): CWebApplication->processRequest()
#17 C:\xampp\htdocs\Input\index.php(13): CApplication->run()
#18 {main}
REQUEST_URI=/Input/index.php/registeration/registeration?view=registeration
HTTP_REFERER=http://localhost/Input/index.php/posted/posted?view=posted
---
2019/03/07 12:29:23 [error] [exception.CException] CException: Property "RegisterationForm.nam" is not defined. in C:\NewFolder\yii\framework\base\CComponent.php:130
Stack trace:
#0 C:\NewFolder\yii\framework\db\ar\CActiveRecord.php(145): CComponent->__get('nam')
#1 C:\NewFolder\yii\framework\web\helpers\CHtml.php(2529): CActiveRecord->__get('nam')
#2 C:\NewFolder\yii\framework\web\helpers\CHtml.php(2252): CHtml::resolveValue(Object(RegisterationForm), 'nam')
#3 C:\NewFolder\yii\framework\web\helpers\CHtml.php(1434): CHtml::activeInputField('text', Object(RegisterationForm), 'nam', Array)
#4 C:\xampp\htdocs\Input\protected\views\registeration\registeration.php(13): CHtml::activeTextField(Object(RegisterationForm), 'nam')
#5 C:\NewFolder\yii\framework\web\CBaseController.php(126): require('C:\\xampp\\htdocs...')
#6 C:\NewFolder\yii\framework\web\CBaseController.php(95): CBaseController->renderInternal('C:\\xampp\\htdocs...', Array, true)
#7 C:\NewFolder\yii\framework\web\CController.php(869): CBaseController->renderFile('C:\\xampp\\htdocs...', Array, true)
#8 C:\NewFolder\yii\framework\web\CController.php(782): CController->renderPartial('registeration', Array, true)
#9 C:\xampp\htdocs\Input\protected\controllers\RegisterationController.php(10): CController->render('registeration', Array)
#10 C:\NewFolder\yii\framework\web\actions\CInlineAction.php(49): RegisterationController->actionRegisteration()
#11 C:\NewFolder\yii\framework\web\CController.php(308): CInlineAction->runWithParams(Array)
#12 C:\NewFolder\yii\framework\web\CController.php(286): CController->runAction(Object(CInlineAction))
#13 C:\NewFolder\yii\framework\web\CController.php(265): CController->runActionWithFilters(Object(CInlineAction), Array)
#14 C:\NewFolder\yii\framework\web\CWebApplication.php(282): CController->run('registeration')
#15 C:\NewFolder\yii\framework\web\CWebApplication.php(141): CWebApplication->runController('registeration/r...')
#16 C:\NewFolder\yii\framework\base\CApplication.php(180): CWebApplication->processRequest()
#17 C:\xampp\htdocs\Input\index.php(13): CApplication->run()
#18 {main}
REQUEST_URI=/Input/index.php/registeration/registeration?view=registeration
HTTP_REFERER=http://localhost/Input/index.php/posted/posted?view=posted
---
2019/03/07 12:29:57 [error] [exception.CException] CException: CActiveForm and its behaviors do not have a method or closure named "activeLabelEx". in C:\NewFolder\yii\framework\base\CComponent.php:266
Stack trace:
#0 C:\xampp\htdocs\Input\protected\views\registeration\registeration.php(27): CComponent->__call('activeLabelEx', Array)
#1 C:\NewFolder\yii\framework\web\CBaseController.php(126): require('C:\\xampp\\htdocs...')
#2 C:\NewFolder\yii\framework\web\CBaseController.php(95): CBaseController->renderInternal('C:\\xampp\\htdocs...', Array, true)
#3 C:\NewFolder\yii\framework\web\CController.php(869): CBaseController->renderFile('C:\\xampp\\htdocs...', Array, true)
#4 C:\NewFolder\yii\framework\web\CController.php(782): CController->renderPartial('registeration', Array, true)
#5 C:\xampp\htdocs\Input\protected\controllers\RegisterationController.php(10): CController->render('registeration', Array)
#6 C:\NewFolder\yii\framework\web\actions\CInlineAction.php(49): RegisterationController->actionRegisteration()
#7 C:\NewFolder\yii\framework\web\CController.php(308): CInlineAction->runWithParams(Array)
#8 C:\NewFolder\yii\framework\web\CController.php(286): CController->runAction(Object(CInlineAction))
#9 C:\NewFolder\yii\framework\web\CController.php(265): CController->runActionWithFilters(Object(CInlineAction), Array)
#10 C:\NewFolder\yii\framework\web\CWebApplication.php(282): CController->run('registeration')
#11 C:\NewFolder\yii\framework\web\CWebApplication.php(141): CWebApplication->runController('registeration/r...')
#12 C:\NewFolder\yii\framework\base\CApplication.php(180): CWebApplication->processRequest()
#13 C:\xampp\htdocs\Input\index.php(13): CApplication->run()
#14 {main}
REQUEST_URI=/Input/index.php/registeration/registeration?view=registeration
HTTP_REFERER=http://localhost/Input/index.php/posted/posted?view=posted
---
2019/03/07 12:31:08 [error] [exception.CException] CException: CActiveForm and its behaviors do not have a method or closure named "submitButton". in C:\NewFolder\yii\framework\base\CComponent.php:266
Stack trace:
#0 C:\xampp\htdocs\Input\protected\views\registeration\registeration.php(33): CComponent->__call('submitButton', Array)
#1 C:\NewFolder\yii\framework\web\CBaseController.php(126): require('C:\\xampp\\htdocs...')
#2 C:\NewFolder\yii\framework\web\CBaseController.php(95): CBaseController->renderInternal('C:\\xampp\\htdocs...', Array, true)
#3 C:\NewFolder\yii\framework\web\CController.php(869): CBaseController->renderFile('C:\\xampp\\htdocs...', Array, true)
#4 C:\NewFolder\yii\framework\web\CController.php(782): CController->renderPartial('registeration', Array, true)
#5 C:\xampp\htdocs\Input\protected\controllers\RegisterationController.php(10): CController->render('registeration', Array)
#6 C:\NewFolder\yii\framework\web\actions\CInlineAction.php(49): RegisterationController->actionRegisteration()
#7 C:\NewFolder\yii\framework\web\CController.php(308): CInlineAction->runWithParams(Array)
#8 C:\NewFolder\yii\framework\web\CController.php(286): CController->runAction(Object(CInlineAction))
#9 C:\NewFolder\yii\framework\web\CController.php(265): CController->runActionWithFilters(Object(CInlineAction), Array)
#10 C:\NewFolder\yii\framework\web\CWebApplication.php(282): CController->run('registeration')
#11 C:\NewFolder\yii\framework\web\CWebApplication.php(141): CWebApplication->runController('registeration/r...')
#12 C:\NewFolder\yii\framework\base\CApplication.php(180): CWebApplication->processRequest()
#13 C:\xampp\htdocs\Input\index.php(13): CApplication->run()
#14 {main}
REQUEST_URI=/Input/index.php/registeration/registeration?view=registeration
HTTP_REFERER=http://localhost/Input/index.php/posted/posted?view=posted
---
2019/03/07 12:33:26 [error] [exception.ParseError] ParseError: syntax error, unexpected '<', expecting end of file in C:\xampp\htdocs\Input\protected\views\registeration\registeration.php:14
Stack trace:
#0 C:\NewFolder\yii\framework\web\CBaseController.php(95): CBaseController->renderInternal('C:\\xampp\\htdocs...', Array, true)
#1 C:\NewFolder\yii\framework\web\CController.php(869): CBaseController->renderFile('C:\\xampp\\htdocs...', Array, true)
#2 C:\NewFolder\yii\framework\web\CController.php(782): CController->renderPartial('registeration', Array, true)
#3 C:\xampp\htdocs\Input\protected\controllers\RegisterationController.php(10): CController->render('registeration', Array)
#4 C:\NewFolder\yii\framework\web\actions\CInlineAction.php(49): RegisterationController->actionRegisteration()
#5 C:\NewFolder\yii\framework\web\CController.php(308): CInlineAction->runWithParams(Array)
#6 C:\NewFolder\yii\framework\web\CController.php(286): CController->runAction(Object(CInlineAction))
#7 C:\NewFolder\yii\framework\web\CController.php(265): CController->runActionWithFilters(Object(CInlineAction), Array)
#8 C:\NewFolder\yii\framework\web\CWebApplication.php(282): CController->run('registeration')
#9 C:\NewFolder\yii\framework\web\CWebApplication.php(141): CWebApplication->runController('registeration/r...')
#10 C:\NewFolder\yii\framework\base\CApplication.php(180): CWebApplication->processRequest()
#11 C:\xampp\htdocs\Input\index.php(13): CApplication->run()
#12 {main}
REQUEST_URI=/Input/index.php/registeration/registeration?view=registeration
HTTP_REFERER=http://localhost/Input/index.php/posted/posted?view=posted
---
2019/03/07 12:33:51 [error] [exception.ParseError] ParseError: syntax error, unexpected '<', expecting end of file in C:\xampp\htdocs\Input\protected\views\registeration\registeration.php:14
Stack trace:
#0 C:\NewFolder\yii\framework\web\CBaseController.php(95): CBaseController->renderInternal('C:\\xampp\\htdocs...', Array, true)
#1 C:\NewFolder\yii\framework\web\CController.php(869): CBaseController->renderFile('C:\\xampp\\htdocs...', Array, true)
#2 C:\NewFolder\yii\framework\web\CController.php(782): CController->renderPartial('registeration', Array, true)
#3 C:\xampp\htdocs\Input\protected\controllers\RegisterationController.php(10): CController->render('registeration', Array)
#4 C:\NewFolder\yii\framework\web\actions\CInlineAction.php(49): RegisterationController->actionRegisteration()
#5 C:\NewFolder\yii\framework\web\CController.php(308): CInlineAction->runWithParams(Array)
#6 C:\NewFolder\yii\framework\web\CController.php(286): CController->runAction(Object(CInlineAction))
#7 C:\NewFolder\yii\framework\web\CController.php(265): CController->runActionWithFilters(Object(CInlineAction), Array)
#8 C:\NewFolder\yii\framework\web\CWebApplication.php(282): CController->run('registeration')
#9 C:\NewFolder\yii\framework\web\CWebApplication.php(141): CWebApplication->runController('registeration/r...')
#10 C:\NewFolder\yii\framework\base\CApplication.php(180): CWebApplication->processRequest()
#11 C:\xampp\htdocs\Input\index.php(13): CApplication->run()
#12 {main}
REQUEST_URI=/Input/index.php/registeration/registeration?view=registeration
HTTP_REFERER=http://localhost/Input/index.php/posted/posted?view=posted
---
2019/03/07 12:37:18 [warning] [application] Failed to set unsafe attribute "name" of "RegisterationForm".
in C:\xampp\htdocs\Input\protected\controllers\RegisterationController.php (16)
in C:\xampp\htdocs\Input\index.php (13)
2019/03/07 12:37:18 [error] [exception.CException] CException: Property "RegisterationForm.nam" is not defined. in C:\NewFolder\yii\framework\base\CComponent.php:130
Stack trace:
#0 C:\NewFolder\yii\framework\db\ar\CActiveRecord.php(145): CComponent->__get('nam')
#1 C:\NewFolder\yii\framework\validators\CRequiredValidator.php(58): CActiveRecord->__get('nam')
#2 C:\NewFolder\yii\framework\validators\CValidator.php(213): CRequiredValidator->validateAttribute(Object(RegisterationForm), 'nam')
#3 C:\NewFolder\yii\framework\base\CModel.php(159): CValidator->validate(Object(RegisterationForm), Array)
#4 C:\xampp\htdocs\Input\protected\controllers\RegisterationController.php(21): CModel->validate()
#5 C:\NewFolder\yii\framework\web\actions\CInlineAction.php(49): RegisterationController->actionRegisteration()
#6 C:\NewFolder\yii\framework\web\CController.php(308): CInlineAction->runWithParams(Array)
#7 C:\NewFolder\yii\framework\web\CController.php(286): CController->runAction(Object(CInlineAction))
#8 C:\NewFolder\yii\framework\web\CController.php(265): CController->runActionWithFilters(Object(CInlineAction), Array)
#9 C:\NewFolder\yii\framework\web\CWebApplication.php(282): CController->run('registeration')
#10 C:\NewFolder\yii\framework\web\CWebApplication.php(141): CWebApplication->runController('registeration/r...')
#11 C:\NewFolder\yii\framework\base\CApplication.php(180): CWebApplication->processRequest()
#12 C:\xampp\htdocs\Input\index.php(13): CApplication->run()
#13 {main}
REQUEST_URI=/Input/index.php/registeration/registeration?view=registeration
HTTP_REFERER=http://localhost/Input/index.php/registeration/registeration?view=registeration
---
