2019/03/07 08:25:33 [error] [exception.CHttpException.404] CHttpException: Unable to resolve the request "posted/posted". in C:\NewFolder\yii\framework\web\CWebApplication.php:286
Stack trace:
#0 C:\NewFolder\yii\framework\web\CWebApplication.php(141): CWebApplication->runController('posted/posted')
#1 C:\NewFolder\yii\framework\base\CApplication.php(180): CWebApplication->processRequest()
#2 C:\xampp\htdocs\Input\index.php(13): CApplication->run()
#3 {main}
REQUEST_URI=/Input/index.php/posted/posted?view=posted
HTTP_REFERER=http://localhost/Input/
---
2019/03/07 08:25:36 [error] [exception.CHttpException.404] CHttpException: Unable to resolve the request "posted/posted". in C:\NewFolder\yii\framework\web\CWebApplication.php:286
Stack trace:
#0 C:\NewFolder\yii\framework\web\CWebApplication.php(141): CWebApplication->runController('posted/posted')
#1 C:\NewFolder\yii\framework\base\CApplication.php(180): CWebApplication->processRequest()
#2 C:\xampp\htdocs\Input\index.php(13): CApplication->run()
#3 {main}
REQUEST_URI=/Input/index.php/posted/posted?view=posted
HTTP_REFERER=http://localhost/Input/index.php/site/page?view=about
---
2019/03/07 08:25:46 [error] [exception.CException] CException: PostedController cannot find the requested view "post". in C:\NewFolder\yii\framework\web\CController.php:878
Stack trace:
#0 C:\NewFolder\yii\framework\web\CController.php(782): CController->renderPartial('post', Array, true)
#1 C:\xampp\htdocs\Input\protected\controllers\PostedController.php(9): CController->render('post', Array)
#2 C:\NewFolder\yii\framework\web\actions\CInlineAction.php(49): PostedController->actionPosted()
#3 C:\NewFolder\yii\framework\web\CController.php(308): CInlineAction->runWithParams(Array)
#4 C:\NewFolder\yii\framework\web\CController.php(286): CController->runAction(Object(CInlineAction))
#5 C:\NewFolder\yii\framework\web\CController.php(265): CController->runActionWithFilters(Object(CInlineAction), Array)
#6 C:\NewFolder\yii\framework\web\CWebApplication.php(282): CController->run('posted')
#7 C:\NewFolder\yii\framework\web\CWebApplication.php(141): CWebApplication->runController('posted/posted')
#8 C:\NewFolder\yii\framework\base\CApplication.php(180): CWebApplication->processRequest()
#9 C:\xampp\htdocs\Input\index.php(13): CApplication->run()
#10 {main}
REQUEST_URI=/Input/index.php/posted/posted?view=posted
HTTP_REFERER=http://localhost/Input/index.php/site/page?view=about
---
2019/03/07 08:27:45 [error] [exception.CException] CException: Property "PostedForm.imageupl" is not defined. in C:\NewFolder\yii\framework\base\CComponent.php:173
Stack trace:
#0 C:\NewFolder\yii\framework\db\ar\CActiveRecord.php(161): CComponent->__set('imageupl', '')
#1 C:\NewFolder\yii\framework\base\CModel.php(472): CActiveRecord->__set('imageupl', '')
#2 C:\NewFolder\yii\framework\base\CComponent.php(152): CModel->setAttributes(Array)
#3 C:\NewFolder\yii\framework\db\ar\CActiveRecord.php(161): CComponent->__set('attributes', Array)
#4 C:\xampp\htdocs\Input\protected\controllers\PostedController.php(15): CActiveRecord->__set('attributes', Array)
#5 C:\NewFolder\yii\framework\web\actions\CInlineAction.php(49): PostedController->actionPosted()
#6 C:\NewFolder\yii\framework\web\CController.php(308): CInlineAction->runWithParams(Array)
#7 C:\NewFolder\yii\framework\web\CController.php(286): CController->runAction(Object(CInlineAction))
#8 C:\NewFolder\yii\framework\web\CController.php(265): CController->runActionWithFilters(Object(CInlineAction), Array)
#9 C:\NewFolder\yii\framework\web\CWebApplication.php(282): CController->run('posted')
#10 C:\NewFolder\yii\framework\web\CWebApplication.php(141): CWebApplication->runController('posted/posted')
#11 C:\NewFolder\yii\framework\base\CApplication.php(180): CWebApplication->processRequest()
#12 C:\xampp\htdocs\Input\index.php(13): CApplication->run()
#13 {main}
REQUEST_URI=/Input/index.php/posted/posted?view=posted
HTTP_REFERER=http://localhost/Input/index.php/posted/posted?view=posted
---
2019/03/07 08:29:11 [warning] [application] Failed to set unsafe attribute "image" of "PostedForm".
in C:\xampp\htdocs\Input\protected\controllers\PostedController.php (15)
in C:\xampp\htdocs\Input\index.php (13)
2019/03/07 08:29:11 [error] [exception.CException] CException: Property "PostedForm.imageupl" is not defined. in C:\NewFolder\yii\framework\base\CComponent.php:173
Stack trace:
#0 C:\NewFolder\yii\framework\db\ar\CActiveRecord.php(161): CComponent->__set('imageupl', Object(CUploadedFile))
#1 C:\xampp\htdocs\Input\protected\controllers\PostedController.php(16): CActiveRecord->__set('imageupl', Object(CUploadedFile))
#2 C:\NewFolder\yii\framework\web\actions\CInlineAction.php(49): PostedController->actionPosted()
#3 C:\NewFolder\yii\framework\web\CController.php(308): CInlineAction->runWithParams(Array)
#4 C:\NewFolder\yii\framework\web\CController.php(286): CController->runAction(Object(CInlineAction))
#5 C:\NewFolder\yii\framework\web\CController.php(265): CController->runActionWithFilters(Object(CInlineAction), Array)
#6 C:\NewFolder\yii\framework\web\CWebApplication.php(282): CController->run('posted')
#7 C:\NewFolder\yii\framework\web\CWebApplication.php(141): CWebApplication->runController('posted/posted')
#8 C:\NewFolder\yii\framework\base\CApplication.php(180): CWebApplication->processRequest()
#9 C:\xampp\htdocs\Input\index.php(13): CApplication->run()
#10 {main}
REQUEST_URI=/Input/index.php/posted/posted?view=posted
HTTP_REFERER=http://localhost/Input/index.php/posted/posted?view=posted
---
2019/03/07 08:29:38 [warning] [application] Failed to set unsafe attribute "image" of "PostedForm".
in C:\xampp\htdocs\Input\protected\controllers\PostedController.php (15)
in C:\xampp\htdocs\Input\index.php (13)
2019/03/07 08:29:38 [error] [exception.CException] CException: Property "PostedForm.imageupl" is not defined. in C:\NewFolder\yii\framework\base\CComponent.php:130
Stack trace:
#0 C:\NewFolder\yii\framework\db\ar\CActiveRecord.php(145): CComponent->__get('imageupl')
#1 C:\NewFolder\yii\framework\validators\CRequiredValidator.php(58): CActiveRecord->__get('imageupl')
#2 C:\NewFolder\yii\framework\validators\CValidator.php(213): CRequiredValidator->validateAttribute(Object(PostedForm), 'imageupl')
#3 C:\NewFolder\yii\framework\base\CModel.php(159): CValidator->validate(Object(PostedForm), Array)
#4 C:\xampp\htdocs\Input\protected\controllers\PostedController.php(17): CModel->validate()
#5 C:\NewFolder\yii\framework\web\actions\CInlineAction.php(49): PostedController->actionPosted()
#6 C:\NewFolder\yii\framework\web\CController.php(308): CInlineAction->runWithParams(Array)
#7 C:\NewFolder\yii\framework\web\CController.php(286): CController->runAction(Object(CInlineAction))
#8 C:\NewFolder\yii\framework\web\CController.php(265): CController->runActionWithFilters(Object(CInlineAction), Array)
#9 C:\NewFolder\yii\framework\web\CWebApplication.php(282): CController->run('posted')
#10 C:\NewFolder\yii\framework\web\CWebApplication.php(141): CWebApplication->runController('posted/posted')
#11 C:\NewFolder\yii\framework\base\CApplication.php(180): CWebApplication->processRequest()
#12 C:\xampp\htdocs\Input\index.php(13): CApplication->run()
#13 {main}
REQUEST_URI=/Input/index.php/posted/posted?view=posted
HTTP_REFERER=http://localhost/Input/index.php/posted/posted?view=posted
---
2019/03/07 08:30:22 [error] [php] Undefined index: image (C:\xampp\htdocs\Input\protected\controllers\PostedController.php:20)
Stack trace:
#0 C:\NewFolder\yii\framework\web\CController.php(286): PostedController->runAction()
#1 C:\NewFolder\yii\framework\web\CController.php(265): PostedController->runActionWithFilters()
#2 C:\NewFolder\yii\framework\web\CWebApplication.php(282): PostedController->run()
#3 C:\NewFolder\yii\framework\web\CWebApplication.php(141): CWebApplication->runController()
#4 C:\NewFolder\yii\framework\base\CApplication.php(180): CWebApplication->processRequest()
#5 C:\xampp\htdocs\Input\index.php(13): CWebApplication->run()
REQUEST_URI=/Input/index.php/posted/posted?view=posted
in C:\xampp\htdocs\Input\protected\controllers\PostedController.php (20)
in C:\xampp\htdocs\Input\index.php (13)
2019/03/07 08:34:52 [error] [php] Undefined variable: tmp (C:\xampp\htdocs\Input\protected\controllers\PostedController.php:31)
Stack trace:
#0 C:\NewFolder\yii\framework\web\CController.php(286): PostedController->runAction()
#1 C:\NewFolder\yii\framework\web\CController.php(265): PostedController->runActionWithFilters()
#2 C:\NewFolder\yii\framework\web\CWebApplication.php(282): PostedController->run()
#3 C:\NewFolder\yii\framework\web\CWebApplication.php(141): CWebApplication->runController()
#4 C:\NewFolder\yii\framework\base\CApplication.php(180): CWebApplication->processRequest()
#5 C:\xampp\htdocs\Input\index.php(13): CWebApplication->run()
REQUEST_URI=/Input/index.php/posted/posted?view=posted
in C:\xampp\htdocs\Input\protected\controllers\PostedController.php (31)
in C:\xampp\htdocs\Input\index.php (13)
2019/03/07 08:39:07 [error] [php] Undefined variable: tmp (C:\xampp\htdocs\Input\protected\controllers\PostedController.php:33)
Stack trace:
#0 C:\NewFolder\yii\framework\web\CController.php(286): PostedController->runAction()
#1 C:\NewFolder\yii\framework\web\CController.php(265): PostedController->runActionWithFilters()
#2 C:\NewFolder\yii\framework\web\CWebApplication.php(282): PostedController->run()
#3 C:\NewFolder\yii\framework\web\CWebApplication.php(141): CWebApplication->runController()
#4 C:\NewFolder\yii\framework\base\CApplication.php(180): CWebApplication->processRequest()
#5 C:\xampp\htdocs\Input\index.php(13): CWebApplication->run()
REQUEST_URI=/Input/index.php/posted/posted?view=posted
in C:\xampp\htdocs\Input\protected\controllers\PostedController.php (33)
in C:\xampp\htdocs\Input\index.php (13)
2019/03/07 08:39:22 [error] [php] Undefined index: image (C:\xampp\htdocs\Input\protected\controllers\PostedController.php:32)
Stack trace:
#0 C:\NewFolder\yii\framework\web\CController.php(286): PostedController->runAction()
#1 C:\NewFolder\yii\framework\web\CController.php(265): PostedController->runActionWithFilters()
#2 C:\NewFolder\yii\framework\web\CWebApplication.php(282): PostedController->run()
#3 C:\NewFolder\yii\framework\web\CWebApplication.php(141): CWebApplication->runController()
#4 C:\NewFolder\yii\framework\base\CApplication.php(180): CWebApplication->processRequest()
#5 C:\xampp\htdocs\Input\index.php(13): CWebApplication->run()
REQUEST_URI=/Input/index.php/posted/posted?view=posted
in C:\xampp\htdocs\Input\protected\controllers\PostedController.php (32)
in C:\xampp\htdocs\Input\index.php (13)
2019/03/07 08:39:56 [error] [php] Undefined index: image (C:\xampp\htdocs\Input\protected\controllers\PostedController.php:32)
Stack trace:
#0 C:\NewFolder\yii\framework\web\CController.php(286): PostedController->runAction()
#1 C:\NewFolder\yii\framework\web\CController.php(265): PostedController->runActionWithFilters()
#2 C:\NewFolder\yii\framework\web\CWebApplication.php(282): PostedController->run()
#3 C:\NewFolder\yii\framework\web\CWebApplication.php(141): CWebApplication->runController()
#4 C:\NewFolder\yii\framework\base\CApplication.php(180): CWebApplication->processRequest()
#5 C:\xampp\htdocs\Input\index.php(13): CWebApplication->run()
REQUEST_URI=/Input/index.php/posted/posted?view=posted
in C:\xampp\htdocs\Input\protected\controllers\PostedController.php (32)
in C:\xampp\htdocs\Input\index.php (13)
2019/03/07 08:41:11 [error] [php] Undefined index: image (C:\xampp\htdocs\Input\protected\controllers\PostedController.php:33)
Stack trace:
#0 C:\NewFolder\yii\framework\web\CController.php(286): PostedController->runAction()
#1 C:\NewFolder\yii\framework\web\CController.php(265): PostedController->runActionWithFilters()
#2 C:\NewFolder\yii\framework\web\CWebApplication.php(282): PostedController->run()
#3 C:\NewFolder\yii\framework\web\CWebApplication.php(141): CWebApplication->runController()
#4 C:\NewFolder\yii\framework\base\CApplication.php(180): CWebApplication->processRequest()
#5 C:\xampp\htdocs\Input\index.php(13): CWebApplication->run()
REQUEST_URI=/Input/index.php/posted/posted?view=posted
in C:\xampp\htdocs\Input\protected\controllers\PostedController.php (33)
in C:\xampp\htdocs\Input\index.php (13)
2019/03/07 08:42:02 [error] [php] Undefined variable: tmp (C:\xampp\htdocs\Input\protected\controllers\PostedController.php:35)
Stack trace:
#0 C:\NewFolder\yii\framework\web\CController.php(286): PostedController->runAction()
#1 C:\NewFolder\yii\framework\web\CController.php(265): PostedController->runActionWithFilters()
#2 C:\NewFolder\yii\framework\web\CWebApplication.php(282): PostedController->run()
#3 C:\NewFolder\yii\framework\web\CWebApplication.php(141): CWebApplication->runController()
#4 C:\NewFolder\yii\framework\base\CApplication.php(180): CWebApplication->processRequest()
#5 C:\xampp\htdocs\Input\index.php(13): CWebApplication->run()
REQUEST_URI=/Input/index.php/posted/posted?view=posted
in C:\xampp\htdocs\Input\protected\controllers\PostedController.php (35)
in C:\xampp\htdocs\Input\index.php (13)
2019/03/07 08:49:29 [error] [php] Undefined variable: model (C:\xampp\htdocs\Input\protected\views\posted\posted.php:13)
Stack trace:
#0 C:\NewFolder\yii\framework\web\CController.php(869): PostedController->renderFile()
#1 C:\NewFolder\yii\framework\web\CController.php(782): PostedController->renderPartial()
#2 C:\xampp\htdocs\Input\protected\controllers\PostedController.php(9): PostedController->render()
#3 C:\NewFolder\yii\framework\web\actions\CInlineAction.php(49): PostedController->actionPosted()
#4 C:\NewFolder\yii\framework\web\CController.php(308): CInlineAction->runWithParams()
#5 C:\NewFolder\yii\framework\web\CController.php(286): PostedController->runAction()
#6 C:\NewFolder\yii\framework\web\CController.php(265): PostedController->runActionWithFilters()
#7 C:\NewFolder\yii\framework\web\CWebApplication.php(282): PostedController->run()
#8 C:\NewFolder\yii\framework\web\CWebApplication.php(141): CWebApplication->runController()
#9 C:\NewFolder\yii\framework\base\CApplication.php(180): CWebApplication->processRequest()
#10 C:\xampp\htdocs\Input\index.php(13): CWebApplication->run()
REQUEST_URI=/Input/index.php/posted/posted?view=posted
in C:\xampp\htdocs\Input\protected\views\posted\posted.php (13)
in C:\xampp\htdocs\Input\protected\controllers\PostedController.php (9)
in C:\xampp\htdocs\Input\index.php (13)
2019/03/07 08:52:26 [error] [php] Undefined index: image (C:\xampp\htdocs\Input\protected\controllers\PostedController.php:43)
Stack trace:
#0 C:\NewFolder\yii\framework\web\CController.php(286): PostedController->runAction()
#1 C:\NewFolder\yii\framework\web\CController.php(265): PostedController->runActionWithFilters()
#2 C:\NewFolder\yii\framework\web\CWebApplication.php(282): PostedController->run()
#3 C:\NewFolder\yii\framework\web\CWebApplication.php(141): CWebApplication->runController()
#4 C:\NewFolder\yii\framework\base\CApplication.php(180): CWebApplication->processRequest()
#5 C:\xampp\htdocs\Input\index.php(13): CWebApplication->run()
REQUEST_URI=/Input/index.php/posted/posted?view=posted
in C:\xampp\htdocs\Input\protected\controllers\PostedController.php (43)
in C:\xampp\htdocs\Input\index.php (13)
2019/03/07 09:02:30 [error] [exception.ParseError] ParseError: syntax error, unexpected end of file, expecting function (T_FUNCTION) or const (T_CONST) in C:\xampp\htdocs\Input\protected\controllers\ImagController.php:50
Stack trace:
#0 C:\NewFolder\yii\framework\web\CWebApplication.php(276): CWebApplication->createController('posted/')
#1 C:\NewFolder\yii\framework\web\CWebApplication.php(141): CWebApplication->runController('imag/posted')
#2 C:\NewFolder\yii\framework\base\CApplication.php(180): CWebApplication->processRequest()
#3 C:\xampp\htdocs\Input\index.php(13): CApplication->run()
#4 {main}
REQUEST_URI=/Input/index.php/imag/posted?view=posted
---
2019/03/07 09:02:35 [error] [exception.ParseError] ParseError: syntax error, unexpected end of file, expecting function (T_FUNCTION) or const (T_CONST) in C:\xampp\htdocs\Input\protected\controllers\ImagController.php:50
Stack trace:
#0 C:\NewFolder\yii\framework\web\CWebApplication.php(276): CWebApplication->createController('posted/')
#1 C:\NewFolder\yii\framework\web\CWebApplication.php(141): CWebApplication->runController('imag/posted')
#2 C:\NewFolder\yii\framework\base\CApplication.php(180): CWebApplication->processRequest()
#3 C:\xampp\htdocs\Input\index.php(13): CApplication->run()
#4 {main}
REQUEST_URI=/Input/index.php/imag/posted
---
2019/03/07 09:04:53 [error] [exception.ParseError] ParseError: syntax error, unexpected end of file, expecting function (T_FUNCTION) or const (T_CONST) in C:\xampp\htdocs\Input\protected\controllers\ImagController.php:50
Stack trace:
#0 C:\NewFolder\yii\framework\web\CWebApplication.php(276): CWebApplication->createController('posted/')
#1 C:\NewFolder\yii\framework\web\CWebApplication.php(141): CWebApplication->runController('imag/posted')
#2 C:\NewFolder\yii\framework\base\CApplication.php(180): CWebApplication->processRequest()
#3 C:\xampp\htdocs\Input\index.php(13): CApplication->run()
#4 {main}
REQUEST_URI=/Input/index.php/imag/posted
---
2019/03/07 09:05:19 [error] [exception.ParseError] ParseError: syntax error, unexpected '}', expecting end of file in C:\xampp\htdocs\Input\protected\controllers\PostedController.php:43
Stack trace:
#0 C:\NewFolder\yii\framework\web\CWebApplication.php(276): CWebApplication->createController('posted/')
#1 C:\NewFolder\yii\framework\web\CWebApplication.php(141): CWebApplication->runController('posted/posted')
#2 C:\NewFolder\yii\framework\base\CApplication.php(180): CWebApplication->processRequest()
#3 C:\xampp\htdocs\Input\index.php(13): CApplication->run()
#4 {main}
REQUEST_URI=/Input/index.php/posted/posted?view=posted
HTTP_REFERER=http://localhost/Input/index.php/site/page?view=about
---
2019/03/07 09:06:17 [error] [exception.ParseError] ParseError: syntax error, unexpected '*', expecting function (T_FUNCTION) or const (T_CONST) in C:\xampp\htdocs\Input\protected\controllers\PostedController.php:44
Stack trace:
#0 C:\NewFolder\yii\framework\web\CWebApplication.php(276): CWebApplication->createController('posted/')
#1 C:\NewFolder\yii\framework\web\CWebApplication.php(141): CWebApplication->runController('posted/posted')
#2 C:\NewFolder\yii\framework\base\CApplication.php(180): CWebApplication->processRequest()
#3 C:\xampp\htdocs\Input\index.php(13): CApplication->run()
#4 {main}
REQUEST_URI=/Input/index.php/posted/posted?view=posted
HTTP_REFERER=http://localhost/Input/index.php/site/page?view=about
---
2019/03/07 09:13:04 [error] [exception.CException] CException: PostedController cannot find the requested view "post". in C:\NewFolder\yii\framework\web\CController.php:878
Stack trace:
#0 C:\NewFolder\yii\framework\web\CController.php(782): CController->renderPartial('post', Array, true)
#1 C:\xampp\htdocs\Input\protected\controllers\PostedController.php(9): CController->render('post', Array)
#2 C:\NewFolder\yii\framework\web\actions\CInlineAction.php(49): PostedController->actionPosted()
#3 C:\NewFolder\yii\framework\web\CController.php(308): CInlineAction->runWithParams(Array)
#4 C:\NewFolder\yii\framework\web\CController.php(286): CController->runAction(Object(CInlineAction))
#5 C:\NewFolder\yii\framework\web\CController.php(265): CController->runActionWithFilters(Object(CInlineAction), Array)
#6 C:\NewFolder\yii\framework\web\CWebApplication.php(282): CController->run('posted')
#7 C:\NewFolder\yii\framework\web\CWebApplication.php(141): CWebApplication->runController('posted/posted')
#8 C:\NewFolder\yii\framework\base\CApplication.php(180): CWebApplication->processRequest()
#9 C:\xampp\htdocs\Input\index.php(13): CApplication->run()
#10 {main}
REQUEST_URI=/Input/index.php/posted/posted?view=posted
HTTP_REFERER=http://localhost/Input/index.php/site/page?view=about
---
2019/03/07 09:13:06 [error] [exception.CException] CException: PostedController cannot find the requested view "post". in C:\NewFolder\yii\framework\web\CController.php:878
Stack trace:
#0 C:\NewFolder\yii\framework\web\CController.php(782): CController->renderPartial('post', Array, true)
#1 C:\xampp\htdocs\Input\protected\controllers\PostedController.php(9): CController->render('post', Array)
#2 C:\NewFolder\yii\framework\web\actions\CInlineAction.php(49): PostedController->actionPosted()
#3 C:\NewFolder\yii\framework\web\CController.php(308): CInlineAction->runWithParams(Array)
#4 C:\NewFolder\yii\framework\web\CController.php(286): CController->runAction(Object(CInlineAction))
#5 C:\NewFolder\yii\framework\web\CController.php(265): CController->runActionWithFilters(Object(CInlineAction), Array)
#6 C:\NewFolder\yii\framework\web\CWebApplication.php(282): CController->run('posted')
#7 C:\NewFolder\yii\framework\web\CWebApplication.php(141): CWebApplication->runController('posted/posted')
#8 C:\NewFolder\yii\framework\base\CApplication.php(180): CWebApplication->processRequest()
#9 C:\xampp\htdocs\Input\index.php(13): CApplication->run()
#10 {main}
REQUEST_URI=/Input/index.php/posted/posted?view=posted
HTTP_REFERER=http://localhost/Input/index.php/site/page?view=about
---
2019/03/07 09:13:06 [error] [exception.CException] CException: PostedController cannot find the requested view "post". in C:\NewFolder\yii\framework\web\CController.php:878
Stack trace:
#0 C:\NewFolder\yii\framework\web\CController.php(782): CController->renderPartial('post', Array, true)
#1 C:\xampp\htdocs\Input\protected\controllers\PostedController.php(9): CController->render('post', Array)
#2 C:\NewFolder\yii\framework\web\actions\CInlineAction.php(49): PostedController->actionPosted()
#3 C:\NewFolder\yii\framework\web\CController.php(308): CInlineAction->runWithParams(Array)
#4 C:\NewFolder\yii\framework\web\CController.php(286): CController->runAction(Object(CInlineAction))
#5 C:\NewFolder\yii\framework\web\CController.php(265): CController->runActionWithFilters(Object(CInlineAction), Array)
#6 C:\NewFolder\yii\framework\web\CWebApplication.php(282): CController->run('posted')
#7 C:\NewFolder\yii\framework\web\CWebApplication.php(141): CWebApplication->runController('posted/posted')
#8 C:\NewFolder\yii\framework\base\CApplication.php(180): CWebApplication->processRequest()
#9 C:\xampp\htdocs\Input\index.php(13): CApplication->run()
#10 {main}
REQUEST_URI=/Input/index.php/posted/posted?view=posted
HTTP_REFERER=http://localhost/Input/index.php/site/page?view=about
---
2019/03/07 09:19:26 [warning] [application] Failed to set unsafe attribute "image" of "PostedForm".
in C:\xampp\htdocs\Input\protected\controllers\PostedController.php (17)
in C:\xampp\htdocs\Input\index.php (13)
2019/03/07 09:20:48 [error] [exception.CException] CException: Property "PostedForm.image" is not defined. in C:\NewFolder\yii\framework\base\CComponent.php:173
Stack trace:
#0 C:\NewFolder\yii\framework\db\ar\CActiveRecord.php(161): CComponent->__set('image', '')
#1 C:\xampp\htdocs\Input\protected\controllers\PostedController.php(38): CActiveRecord->__set('image', '')
#2 C:\NewFolder\yii\framework\web\actions\CInlineAction.php(49): PostedController->actionPosted()
#3 C:\NewFolder\yii\framework\web\CController.php(308): CInlineAction->runWithParams(Array)
#4 C:\NewFolder\yii\framework\web\CController.php(286): CController->runAction(Object(CInlineAction))
#5 C:\NewFolder\yii\framework\web\CController.php(265): CController->runActionWithFilters(Object(CInlineAction), Array)
#6 C:\NewFolder\yii\framework\web\CWebApplication.php(282): CController->run('posted')
#7 C:\NewFolder\yii\framework\web\CWebApplication.php(141): CWebApplication->runController('posted/posted')
#8 C:\NewFolder\yii\framework\base\CApplication.php(180): CWebApplication->processRequest()
#9 C:\xampp\htdocs\Input\index.php(13): CApplication->run()
#10 {main}
REQUEST_URI=/Input/index.php/posted/posted?view=posted
HTTP_REFERER=http://localhost/Input/index.php/posted/posted?view=posted
---
2019/03/07 09:21:14 [error] [exception.CException] CException: Property "PostedForm.image" is not defined. in C:\NewFolder\yii\framework\base\CComponent.php:173
Stack trace:
#0 C:\NewFolder\yii\framework\db\ar\CActiveRecord.php(161): CComponent->__set('image', '')
#1 C:\xampp\htdocs\Input\protected\controllers\PostedController.php(38): CActiveRecord->__set('image', '')
#2 C:\NewFolder\yii\framework\web\actions\CInlineAction.php(49): PostedController->actionPosted()
#3 C:\NewFolder\yii\framework\web\CController.php(308): CInlineAction->runWithParams(Array)
#4 C:\NewFolder\yii\framework\web\CController.php(286): CController->runAction(Object(CInlineAction))
#5 C:\NewFolder\yii\framework\web\CController.php(265): CController->runActionWithFilters(Object(CInlineAction), Array)
#6 C:\NewFolder\yii\framework\web\CWebApplication.php(282): CController->run('posted')
#7 C:\NewFolder\yii\framework\web\CWebApplication.php(141): CWebApplication->runController('posted/posted')
#8 C:\NewFolder\yii\framework\base\CApplication.php(180): CWebApplication->processRequest()
#9 C:\xampp\htdocs\Input\index.php(13): CApplication->run()
#10 {main}
REQUEST_URI=/Input/index.php/posted/posted?view=posted
HTTP_REFERER=http://localhost/Input/index.php/posted/posted?view=posted
---
2019/03/07 09:44:32 [error] [php] Undefined index: Submit (C:\xampp\htdocs\Input\protected\controllers\PostedController.php:39)
Stack trace:
#0 C:\NewFolder\yii\framework\web\CController.php(286): PostedController->runAction()
#1 C:\NewFolder\yii\framework\web\CController.php(265): PostedController->runActionWithFilters()
#2 C:\NewFolder\yii\framework\web\CWebApplication.php(282): PostedController->run()
#3 C:\NewFolder\yii\framework\web\CWebApplication.php(141): CWebApplication->runController()
#4 C:\NewFolder\yii\framework\base\CApplication.php(180): CWebApplication->processRequest()
#5 C:\xampp\htdocs\Input\index.php(13): CWebApplication->run()
REQUEST_URI=/Input/index.php/posted/posted?view=posted
in C:\xampp\htdocs\Input\protected\controllers\PostedController.php (39)
in C:\xampp\htdocs\Input\index.php (13)
